Analyzing function: _Z23getHelloWorldPluginInfov
Analyzing function: _ZZ23getHelloWorldPluginInfovENK3$_0cvPFvRN4llvm11PassBuilderEEEv
Analyzing function: llvmGetPassPluginInfo
Analyzing function: _ZZ23getHelloWorldPluginInfovEN3$_08__invokeERN4llvm11PassBuilderE
Analyzing function: _ZZ23getHelloWorldPluginInfovENK3$_0clERN4llvm11PassBuilderE
Analyzing function: _ZN4llvm11PassBuilder31registerPipelineParsingCallbackERKNSt3__18functionIFbNS_9StringRefERNS_11PassManagerINS_8FunctionENS_15AnalysisManagerIS5_JEEEJEEENS_8ArrayRefINS0_15PipelineElementEEEEEE
Analyzing function: _ZNSt3__18functionIFbN4llvm9StringRefERNS1_11PassManagerINS1_8FunctionENS1_15AnalysisManagerIS4_JEEEJEEENS1_8ArrayRefINS1_11PassBuilder15PipelineElementEEEEEC1IZZ23getHelloWorldPluginInfovENK3$_0clERSA_EUlS2_S8_SC_E_vEET_
Analyzing function: _ZNSt3__18functionIFbN4llvm9StringRefERNS1_11PassManagerINS1_8FunctionENS1_15AnalysisManagerIS4_JEEEJEEENS1_8ArrayRefINS1_11PassBuilder15PipelineElementEEEEED1Ev
Analyzing function: _ZN4llvm23SmallVectorTemplateBaseINSt3__18functionIFbNS_9StringRefERNS_11PassManagerINS_8FunctionENS_15AnalysisManagerIS5_JEEEJEEENS_8ArrayRefINS_11PassBuilder15PipelineElementEEEEEELb0EE9push_backERKSF_
Analyzing function: _ZN4llvm23SmallVectorTemplateBaseINSt3__18functionIFbNS_9StringRefERNS_11PassManagerINS_8FunctionENS_15AnalysisManagerIS5_JEEEJEEENS_8ArrayRefINS_11PassBuilder15PipelineElementEEEEEELb0EE28reserveForParamAndGetAddressERKSF_m
Analyzing function: _ZN4llvm25SmallVectorTemplateCommonINSt3__18functionIFbNS_9StringRefERNS_11PassManagerINS_8FunctionENS_15AnalysisManagerIS5_JEEEJEEENS_8ArrayRefINS_11PassBuilder15PipelineElementEEEEEEvE3endEv
Analyzing function: _ZNSt3__18functionIFbN4llvm9StringRefERNS1_11PassManagerINS1_8FunctionENS1_15AnalysisManagerIS4_JEEEJEEENS1_8ArrayRefINS1_11PassBuilder15PipelineElementEEEEEC1ERKSE_
Analyzing function: _ZN4llvm25SmallVectorTemplateCommonINSt3__18functionIFbNS_9StringRefERNS_11PassManagerINS_8FunctionENS_15AnalysisManagerIS5_JEEEJEEENS_8ArrayRefINS_11PassBuilder15PipelineElementEEEEEEvE32reserveForParamAndGetAddressImplINS_23SmallVectorTemplateBaseISF_Lb0EEEEEPKSF_PT_RSK_m
Analyzing function: _ZNK4llvm25SmallVectorTemplateCommonINSt3__18functionIFbNS_9StringRefERNS_11PassManagerINS_8FunctionENS_15AnalysisManagerIS5_JEEEJEEENS_8ArrayRefINS_11PassBuilder15PipelineElementEEEEEEvE20isReferenceToStorageEPKv
Analyzing function: _ZN4llvm25SmallVectorTemplateCommonINSt3__18functionIFbNS_9StringRefERNS_11PassManagerINS_8FunctionENS_15AnalysisManagerIS5_JEEEJEEENS_8ArrayRefINS_11PassBuilder15PipelineElementEEEEEEvE5beginEv
Analyzing function: _ZN4llvm23SmallVectorTemplateBaseINSt3__18functionIFbNS_9StringRefERNS_11PassManagerINS_8FunctionENS_15AnalysisManagerIS5_JEEEJEEENS_8ArrayRefINS_11PassBuilder15PipelineElementEEEEEELb0EE4growEm
Analyzing function: _ZNK4llvm25SmallVectorTemplateCommonINSt3__18functionIFbNS_9StringRefERNS_11PassManagerINS_8FunctionENS_15AnalysisManagerIS5_JEEEJEEENS_8ArrayRefINS_11PassBuilder15PipelineElementEEEEEEvE18isReferenceToRangeEPKvSI_SI_
Analyzing function: _ZNK4llvm25SmallVectorTemplateCommonINSt3__18functionIFbNS_9StringRefERNS_11PassManagerINS_8FunctionENS_15AnalysisManagerIS5_JEEEJEEENS_8ArrayRefINS_11PassBuilder15PipelineElementEEEEEEvE5beginEv
Analyzing function: _ZNK4llvm25SmallVectorTemplateCommonINSt3__18functionIFbNS_9StringRefERNS_11PassManagerINS_8FunctionENS_15AnalysisManagerIS5_JEEEJEEENS_8ArrayRefINS_11PassBuilder15PipelineElementEEEEEEvE3endEv
Analyzing function: _ZNKSt3__14lessIvEclB8ne190107IRPKvS5_EEDTltclsr3stdE7forwardIT_Efp_Eclsr3stdE7forwardIT0_Efp0_EEOS6_OS7_
Analyzing function: _ZN4llvm23SmallVectorTemplateBaseINSt3__18functionIFbNS_9StringRefERNS_11PassManagerINS_8FunctionENS_15AnalysisManagerIS5_JEEEJEEENS_8ArrayRefINS_11PassBuilder15PipelineElementEEEEEELb0EE13mallocForGrowEmRm
Analyzing function: _ZN4llvm23SmallVectorTemplateBaseINSt3__18functionIFbNS_9StringRefERNS_11PassManagerINS_8FunctionENS_15AnalysisManagerIS5_JEEEJEEENS_8ArrayRefINS_11PassBuilder15PipelineElementEEEEEELb0EE19moveElementsForGrowEPSF_
Analyzing function: _ZN4llvm23SmallVectorTemplateBaseINSt3__18functionIFbNS_9StringRefERNS_11PassManagerINS_8FunctionENS_15AnalysisManagerIS5_JEEEJEEENS_8ArrayRefINS_11PassBuilder15PipelineElementEEEEEELb0EE21takeAllocationForGrowEPSF_m
Analyzing function: _ZNK4llvm25SmallVectorTemplateCommonINSt3__18functionIFbNS_9StringRefERNS_11PassManagerINS_8FunctionENS_15AnalysisManagerIS5_JEEEJEEENS_8ArrayRefINS_11PassBuilder15PipelineElementEEEEEEvE10getFirstElEv
Analyzing function: _ZN4llvm23SmallVectorTemplateBaseINSt3__18functionIFbNS_9StringRefERNS_11PassManagerINS_8FunctionENS_15AnalysisManagerIS5_JEEEJEEENS_8ArrayRefINS_11PassBuilder15PipelineElementEEEEEELb0EE18uninitialized_moveIPSF_SI_EEvT_SJ_T0_
Analyzing function: _ZN4llvm23SmallVectorTemplateBaseINSt3__18functionIFbNS_9StringRefERNS_11PassManagerINS_8FunctionENS_15AnalysisManagerIS5_JEEEJEEENS_8ArrayRefINS_11PassBuilder15PipelineElementEEEEEELb0EE13destroy_rangeEPSF_SH_
Analyzing function: _ZNSt3__118uninitialized_moveB8ne190107IPNS_8functionIFbN4llvm9StringRefERNS2_11PassManagerINS2_8FunctionENS2_15AnalysisManagerIS5_JEEEJEEENS2_8ArrayRefINS2_11PassBuilder15PipelineElementEEEEEESG_EET0_T_SI_SH_
Analyzing function: _ZNSt3__120__uninitialized_moveB8ne190107INS_8functionIFbN4llvm9StringRefERNS2_11PassManagerINS2_8FunctionENS2_15AnalysisManagerIS5_JEEEJEEENS2_8ArrayRefINS2_11PassBuilder15PipelineElementEEEEEEPSF_SG_SG_NS_14__always_falseEZNS_18uninitialized_moveB8ne190107ISG_SG_EET0_T_SK_SJ_EUlOSK_E_EENS_4pairISJ_T2_EESJ_T1_SO_T3_T4_
Analyzing function: _ZNKSt3__114__always_falseclB8ne190107IJRPNS_8functionIFbN4llvm9StringRefERNS3_11PassManagerINS3_8FunctionENS3_15AnalysisManagerIS6_JEEEJEEENS3_8ArrayRefINS3_11PassBuilder15PipelineElementEEEEEEEEEbDpOT_
Analyzing function: _ZZNSt3__118uninitialized_moveB8ne190107IPNS_8functionIFbN4llvm9StringRefERNS2_11PassManagerINS2_8FunctionENS2_15AnalysisManagerIS5_JEEEJEEENS2_8ArrayRefINS2_11PassBuilder15PipelineElementEEEEEESG_EET0_T_SI_SH_ENKUlOSI_E_clIRSG_EEDcSJ_
Analyzing function: _ZNSt3__18functionIFbN4llvm9StringRefERNS1_11PassManagerINS1_8FunctionENS1_15AnalysisManagerIS4_JEEEJEEENS1_8ArrayRefINS1_11PassBuilder15PipelineElementEEEEEC1EOSE_
Analyzing function: _ZNSt3__19__destroyB8ne190107IPNS_8functionIFbN4llvm9StringRefERNS2_11PassManagerINS2_8FunctionENS2_15AnalysisManagerIS5_JEEEJEEENS2_8ArrayRefINS2_11PassBuilder15PipelineElementEEEEEEEET_SH_SH_
Analyzing function: __clang_call_terminate
Analyzing function: _ZNSt3__14pairIPNS_8functionIFbN4llvm9StringRefERNS2_11PassManagerINS2_8FunctionENS2_15AnalysisManagerIS5_JEEEJEEENS2_8ArrayRefINS2_11PassBuilder15PipelineElementEEEEEESG_EC1B8ne190107ISG_SG_TnNS_9enable_ifIXclsr10_CheckArgsE23__is_pair_constructibleIT_T0_EEEiE4typeELi0EEEOSK_OSL_
Analyzing function: _ZNSt3__18functionIFbN4llvm9StringRefERNS1_11PassManagerINS1_8FunctionENS1_15AnalysisManagerIS4_JEEEJEEENS1_8ArrayRefINS1_11PassBuilder15PipelineElementEEEEEC2EOSE_
Analyzing function: _ZNSt3__110__function12__value_funcIFbN4llvm9StringRefERNS2_11PassManagerINS2_8FunctionENS2_15AnalysisManagerIS5_JEEEJEEENS2_8ArrayRefINS2_11PassBuilder15PipelineElementEEEEEC1B8ne190107EOSF_
Analyzing function: _ZNSt3__110__function12__value_funcIFbN4llvm9StringRefERNS2_11PassManagerINS2_8FunctionENS2_15AnalysisManagerIS5_JEEEJEEENS2_8ArrayRefINS2_11PassBuilder15PipelineElementEEEEEC2B8ne190107EOSF_
Analyzing function: _ZNSt3__110__function12__value_funcIFbN4llvm9StringRefERNS2_11PassManagerINS2_8FunctionENS2_15AnalysisManagerIS5_JEEEJEEENS2_8ArrayRefINS2_11PassBuilder15PipelineElementEEEEE9__as_baseB8ne190107EPv
Analyzing function: _ZNSt3__112__destroy_atB8ne190107INS_8functionIFbN4llvm9StringRefERNS2_11PassManagerINS2_8FunctionENS2_15AnalysisManagerIS5_JEEEJEEENS2_8ArrayRefINS2_11PassBuilder15PipelineElementEEEEEETnNS_9enable_ifIXntsr8is_arrayIT_EE5valueEiE4typeELi0EEEvPSH_
Analyzing function: _ZNSt3__14pairIPNS_8functionIFbN4llvm9StringRefERNS2_11PassManagerINS2_8FunctionENS2_15AnalysisManagerIS5_JEEEJEEENS2_8ArrayRefINS2_11PassBuilder15PipelineElementEEEEEESG_EC2B8ne190107ISG_SG_TnNS_9enable_ifIXclsr10_CheckArgsE23__is_pair_constructibleIT_T0_EEEiE4typeELi0EEEOSK_OSL_
Analyzing function: _ZNK4llvm25SmallVectorTemplateCommonINSt3__18functionIFbNS_9StringRefERNS_11PassManagerINS_8FunctionENS_15AnalysisManagerIS5_JEEEJEEENS_8ArrayRefINS_11PassBuilder15PipelineElementEEEEEEvE7isSmallEv
Analyzing function: _ZNSt3__18functionIFbN4llvm9StringRefERNS1_11PassManagerINS1_8FunctionENS1_15AnalysisManagerIS4_JEEEJEEENS1_8ArrayRefINS1_11PassBuilder15PipelineElementEEEEEC2ERKSE_
Analyzing function: _ZNSt3__110__function12__value_funcIFbN4llvm9StringRefERNS2_11PassManagerINS2_8FunctionENS2_15AnalysisManagerIS5_JEEEJEEENS2_8ArrayRefINS2_11PassBuilder15PipelineElementEEEEEC1B8ne190107ERKSF_
Analyzing function: _ZNSt3__110__function12__value_funcIFbN4llvm9StringRefERNS2_11PassManagerINS2_8FunctionENS2_15AnalysisManagerIS5_JEEEJEEENS2_8ArrayRefINS2_11PassBuilder15PipelineElementEEEEEC2B8ne190107ERKSF_
Analyzing function: _ZNSt3__18functionIFbN4llvm9StringRefERNS1_11PassManagerINS1_8FunctionENS1_15AnalysisManagerIS4_JEEEJEEENS1_8ArrayRefINS1_11PassBuilder15PipelineElementEEEEEC2IZZ23getHelloWorldPluginInfovENK3$_0clERSA_EUlS2_S8_SC_E_vEET_
Analyzing function: _ZNSt3__110__function12__value_funcIFbN4llvm9StringRefERNS2_11PassManagerINS2_8FunctionENS2_15AnalysisManagerIS5_JEEEJEEENS2_8ArrayRefINS2_11PassBuilder15PipelineElementEEEEEC1B8ne190107IZZ23getHelloWorldPluginInfovENK3$_0clERSB_EUlS3_S9_SD_E_TnNS_9enable_ifIXntsr7is_sameIu7__decayIT_ESF_EE5valueEiE4typeELi0EEEOSL_
Analyzing function: _ZNSt3__19allocatorIZZ23getHelloWorldPluginInfovENK3$_0clERN4llvm11PassBuilderEEUlNS2_9StringRefERNS2_11PassManagerINS2_8FunctionENS2_15AnalysisManagerIS7_JEEEJEEENS2_8ArrayRefINS3_15PipelineElementEEEE_EC1B8ne190107Ev
Analyzing function: _ZNSt3__110__function12__value_funcIFbN4llvm9StringRefERNS2_11PassManagerINS2_8FunctionENS2_15AnalysisManagerIS5_JEEEJEEENS2_8ArrayRefINS2_11PassBuilder15PipelineElementEEEEEC1B8ne190107IZZ23getHelloWorldPluginInfovENK3$_0clERSB_EUlS3_S9_SD_E_NS_9allocatorISJ_EEEEOT_RKT0_
Analyzing function: _ZNSt3__19allocatorIZZ23getHelloWorldPluginInfovENK3$_0clERN4llvm11PassBuilderEEUlNS2_9StringRefERNS2_11PassManagerINS2_8FunctionENS2_15AnalysisManagerIS7_JEEEJEEENS2_8ArrayRefINS3_15PipelineElementEEEE_EC2B8ne190107Ev
Analyzing function: _ZNSt3__116__non_trivial_ifILb1ENS_9allocatorIZZ23getHelloWorldPluginInfovENK3$_0clERN4llvm11PassBuilderEEUlNS3_9StringRefERNS3_11PassManagerINS3_8FunctionENS3_15AnalysisManagerIS8_JEEEJEEENS3_8ArrayRefINS4_15PipelineElementEEEE_EEEC2B8ne190107Ev
Analyzing function: _ZNSt3__110__function12__value_funcIFbN4llvm9StringRefERNS2_11PassManagerINS2_8FunctionENS2_15AnalysisManagerIS5_JEEEJEEENS2_8ArrayRefINS2_11PassBuilder15PipelineElementEEEEEC2B8ne190107IZZ23getHelloWorldPluginInfovENK3$_0clERSB_EUlS3_S9_SD_E_NS_9allocatorISJ_EEEEOT_RKT0_
Analyzing function: _ZNSt3__110__function10__not_nullB8ne190107IZZ23getHelloWorldPluginInfovENK3$_0clERN4llvm11PassBuilderEEUlNS3_9StringRefERNS3_11PassManagerINS3_8FunctionENS3_15AnalysisManagerIS8_JEEEJEEENS3_8ArrayRefINS4_15PipelineElementEEEE_EEbRKT_
Analyzing function: _ZNSt3__19allocatorINS_10__function6__funcIZZ23getHelloWorldPluginInfovENK3$_0clERN4llvm11PassBuilderEEUlNS4_9StringRefERNS4_11PassManagerINS4_8FunctionENS4_15AnalysisManagerIS9_JEEEJEEENS4_8ArrayRefINS5_15PipelineElementEEEE_NS0_ISH_EEFbS7_SD_SG_EEEEC1B8ne190107ISH_EERKNS0_IT_EE
Analyzing function: _ZNSt3__19allocatorIZZ23getHelloWorldPluginInfovENK3$_0clERN4llvm11PassBuilderEEUlNS2_9StringRefERNS2_11PassManagerINS2_8FunctionENS2_15AnalysisManagerIS7_JEEEJEEENS2_8ArrayRefINS3_15PipelineElementEEEE_EC1B8ne190107INS_10__function6__funcISF_SG_FbS5_SB_SE_EEEEERKNS0_IT_EE
Analyzing function: _ZNSt3__110__function6__funcIZZ23getHelloWorldPluginInfovENK3$_0clERN4llvm11PassBuilderEEUlNS3_9StringRefERNS3_11PassManagerINS3_8FunctionENS3_15AnalysisManagerIS8_JEEEJEEENS3_8ArrayRefINS4_15PipelineElementEEEE_NS_9allocatorISG_EEFbS6_SC_SF_EEC1B8ne190107EOSG_OSI_
Analyzing function: _ZNSt3__19allocatorINS_10__function6__funcIZZ23getHelloWorldPluginInfovENK3$_0clERN4llvm11PassBuilderEEUlNS4_9StringRefERNS4_11PassManagerINS4_8FunctionENS4_15AnalysisManagerIS9_JEEEJEEENS4_8ArrayRefINS5_15PipelineElementEEEE_NS0_ISH_EEFbS7_SD_SG_EEEEC2B8ne190107ISH_EERKNS0_IT_EE
Analyzing function: _ZNSt3__116__non_trivial_ifILb1ENS_9allocatorINS_10__function6__funcIZZ23getHelloWorldPluginInfovENK3$_0clERN4llvm11PassBuilderEEUlNS5_9StringRefERNS5_11PassManagerINS5_8FunctionENS5_15AnalysisManagerISA_JEEEJEEENS5_8ArrayRefINS6_15PipelineElementEEEE_NS1_ISI_EEFbS8_SE_SH_EEEEEEC2B8ne190107Ev
Analyzing function: _ZNSt3__19allocatorIZZ23getHelloWorldPluginInfovENK3$_0clERN4llvm11PassBuilderEEUlNS2_9StringRefERNS2_11PassManagerINS2_8FunctionENS2_15AnalysisManagerIS7_JEEEJEEENS2_8ArrayRefINS3_15PipelineElementEEEE_EC2B8ne190107INS_10__function6__funcISF_SG_FbS5_SB_SE_EEEEERKNS0_IT_EE
Analyzing function: _ZNSt3__110__function6__funcIZZ23getHelloWorldPluginInfovENK3$_0clERN4llvm11PassBuilderEEUlNS3_9StringRefERNS3_11PassManagerINS3_8FunctionENS3_15AnalysisManagerIS8_JEEEJEEENS3_8ArrayRefINS4_15PipelineElementEEEE_NS_9allocatorISG_EEFbS6_SC_SF_EEC2B8ne190107EOSG_OSI_
Analyzing function: _ZNSt3__110__function6__baseIFbN4llvm9StringRefERNS2_11PassManagerINS2_8FunctionENS2_15AnalysisManagerIS5_JEEEJEEENS2_8ArrayRefINS2_11PassBuilder15PipelineElementEEEEEC2B8ne190107Ev
Analyzing function: _ZNSt3__110__function12__alloc_funcIZZ23getHelloWorldPluginInfovENK3$_0clERN4llvm11PassBuilderEEUlNS3_9StringRefERNS3_11PassManagerINS3_8FunctionENS3_15AnalysisManagerIS8_JEEEJEEENS3_8ArrayRefINS4_15PipelineElementEEEE_NS_9allocatorISG_EEFbS6_SC_SF_EEC1B8ne190107EOSG_OSI_
Analyzing function: _ZNSt3__110__function6__baseIFbN4llvm9StringRefERNS2_11PassManagerINS2_8FunctionENS2_15AnalysisManagerIS5_JEEEJEEENS2_8ArrayRefINS2_11PassBuilder15PipelineElementEEEEED2Ev
Analyzing function: _ZNSt3__110__function6__funcIZZ23getHelloWorldPluginInfovENK3$_0clERN4llvm11PassBuilderEEUlNS3_9StringRefERNS3_11PassManagerINS3_8FunctionENS3_15AnalysisManagerIS8_JEEEJEEENS3_8ArrayRefINS4_15PipelineElementEEEE_NS_9allocatorISG_EEFbS6_SC_SF_EED1Ev
Analyzing function: _ZNSt3__110__function6__funcIZZ23getHelloWorldPluginInfovENK3$_0clERN4llvm11PassBuilderEEUlNS3_9StringRefERNS3_11PassManagerINS3_8FunctionENS3_15AnalysisManagerIS8_JEEEJEEENS3_8ArrayRefINS4_15PipelineElementEEEE_NS_9allocatorISG_EEFbS6_SC_SF_EED0Ev
Analyzing function: _ZNKSt3__110__function6__funcIZZ23getHelloWorldPluginInfovENK3$_0clERN4llvm11PassBuilderEEUlNS3_9StringRefERNS3_11PassManagerINS3_8FunctionENS3_15AnalysisManagerIS8_JEEEJEEENS3_8ArrayRefINS4_15PipelineElementEEEE_NS_9allocatorISG_EEFbS6_SC_SF_EE7__cloneEv
Analyzing function: _ZNKSt3__110__function6__funcIZZ23getHelloWorldPluginInfovENK3$_0clERN4llvm11PassBuilderEEUlNS3_9StringRefERNS3_11PassManagerINS3_8FunctionENS3_15AnalysisManagerIS8_JEEEJEEENS3_8ArrayRefINS4_15PipelineElementEEEE_NS_9allocatorISG_EEFbS6_SC_SF_EE7__cloneEPNS0_6__baseISJ_EE
Analyzing function: _ZNSt3__110__function6__funcIZZ23getHelloWorldPluginInfovENK3$_0clERN4llvm11PassBuilderEEUlNS3_9StringRefERNS3_11PassManagerINS3_8FunctionENS3_15AnalysisManagerIS8_JEEEJEEENS3_8ArrayRefINS4_15PipelineElementEEEE_NS_9allocatorISG_EEFbS6_SC_SF_EE7destroyEv
Analyzing function: _ZNSt3__110__function6__funcIZZ23getHelloWorldPluginInfovENK3$_0clERN4llvm11PassBuilderEEUlNS3_9StringRefERNS3_11PassManagerINS3_8FunctionENS3_15AnalysisManagerIS8_JEEEJEEENS3_8ArrayRefINS4_15PipelineElementEEEE_NS_9allocatorISG_EEFbS6_SC_SF_EE18destroy_deallocateEv
Analyzing function: _ZNSt3__110__function6__funcIZZ23getHelloWorldPluginInfovENK3$_0clERN4llvm11PassBuilderEEUlNS3_9StringRefERNS3_11PassManagerINS3_8FunctionENS3_15AnalysisManagerIS8_JEEEJEEENS3_8ArrayRefINS4_15PipelineElementEEEE_NS_9allocatorISG_EEFbS6_SC_SF_EEclEOS6_SC_OSF_
Analyzing function: _ZNKSt3__110__function6__funcIZZ23getHelloWorldPluginInfovENK3$_0clERN4llvm11PassBuilderEEUlNS3_9StringRefERNS3_11PassManagerINS3_8FunctionENS3_15AnalysisManagerIS8_JEEEJEEENS3_8ArrayRefINS4_15PipelineElementEEEE_NS_9allocatorISG_EEFbS6_SC_SF_EE6targetERKSt9type_info
Analyzing function: _ZNKSt3__110__function6__funcIZZ23getHelloWorldPluginInfovENK3$_0clERN4llvm11PassBuilderEEUlNS3_9StringRefERNS3_11PassManagerINS3_8FunctionENS3_15AnalysisManagerIS8_JEEEJEEENS3_8ArrayRefINS4_15PipelineElementEEEE_NS_9allocatorISG_EEFbS6_SC_SF_EE11target_typeEv
Analyzing function: _ZNSt3__110__function6__baseIFbN4llvm9StringRefERNS2_11PassManagerINS2_8FunctionENS2_15AnalysisManagerIS5_JEEEJEEENS2_8ArrayRefINS2_11PassBuilder15PipelineElementEEEEED1Ev
Analyzing function: _ZNSt3__110__function6__baseIFbN4llvm9StringRefERNS2_11PassManagerINS2_8FunctionENS2_15AnalysisManagerIS5_JEEEJEEENS2_8ArrayRefINS2_11PassBuilder15PipelineElementEEEEED0Ev
Analyzing function: _ZNSt3__110__function12__alloc_funcIZZ23getHelloWorldPluginInfovENK3$_0clERN4llvm11PassBuilderEEUlNS3_9StringRefERNS3_11PassManagerINS3_8FunctionENS3_15AnalysisManagerIS8_JEEEJEEENS3_8ArrayRefINS4_15PipelineElementEEEE_NS_9allocatorISG_EEFbS6_SC_SF_EEC2B8ne190107EOSG_OSI_
Analyzing function: _ZNSt3__116forward_as_tupleB8ne190107IJZZ23getHelloWorldPluginInfovENK3$_0clERN4llvm11PassBuilderEEUlNS2_9StringRefERNS2_11PassManagerINS2_8FunctionENS2_15AnalysisManagerIS7_JEEEJEEENS2_8ArrayRefINS3_15PipelineElementEEEE_EEENS_5tupleIJDpOT_EEESJ_
Analyzing function: _ZNSt3__116forward_as_tupleB8ne190107IJNS_9allocatorIZZ23getHelloWorldPluginInfovENK3$_0clERN4llvm11PassBuilderEEUlNS3_9StringRefERNS3_11PassManagerINS3_8FunctionENS3_15AnalysisManagerIS8_JEEEJEEENS3_8ArrayRefINS4_15PipelineElementEEEE_EEEEENS_5tupleIJDpOT_EEESL_
Analyzing function: _ZNSt3__117__compressed_pairIZZ23getHelloWorldPluginInfovENK3$_0clERN4llvm11PassBuilderEEUlNS2_9StringRefERNS2_11PassManagerINS2_8FunctionENS2_15AnalysisManagerIS7_JEEEJEEENS2_8ArrayRefINS3_15PipelineElementEEEE_NS_9allocatorISF_EEEC1B8ne190107IJOSF_EJOSH_EEENS_21piecewise_construct_tENS_5tupleIJDpT_EEENSN_IJDpT0_EEE
Analyzing function: _ZNSt3__15tupleIJOZZ23getHelloWorldPluginInfovENK3$_0clERN4llvm11PassBuilderEEUlNS2_9StringRefERNS2_11PassManagerINS2_8FunctionENS2_15AnalysisManagerIS7_JEEEJEEENS2_8ArrayRefINS3_15PipelineElementEEEE_EEC1B8ne190107IJSF_ETnNS_9enable_ifIXsr4_AndINS_17integral_constantIbXeqsZT_sZT_EEENSH_17_EnableUTypesCtorIJDpT_EEEEE5valueEiE4typeELi0EEEDpOSN_
Analyzing function: _ZNSt3__15tupleIJOZZ23getHelloWorldPluginInfovENK3$_0clERN4llvm11PassBuilderEEUlNS2_9StringRefERNS2_11PassManagerINS2_8FunctionENS2_15AnalysisManagerIS7_JEEEJEEENS2_8ArrayRefINS3_15PipelineElementEEEE_EEC2B8ne190107IJSF_ETnNS_9enable_ifIXsr4_AndINS_17integral_constantIbXeqsZT_sZT_EEENSH_17_EnableUTypesCtorIJDpT_EEEEE5valueEiE4typeELi0EEEDpOSN_
Analyzing function: _ZNSt3__112__tuple_implINS_15__tuple_indicesIJLm0EEEEJOZZ23getHelloWorldPluginInfovENK3$_0clERN4llvm11PassBuilderEEUlNS4_9StringRefERNS4_11PassManagerINS4_8FunctionENS4_15AnalysisManagerIS9_JEEEJEEENS4_8ArrayRefINS5_15PipelineElementEEEE_EEC1B8ne190107IJLm0EEJSI_ETpTnmJEJEJSH_EEENS1_IJXspT_EEEENS_13__tuple_typesIJDpT0_EEENS1_IJXspT1_EEEENSM_IJDpT2_EEEDpOT3_
Analyzing function: _ZNSt3__112__tuple_implINS_15__tuple_indicesIJLm0EEEEJOZZ23getHelloWorldPluginInfovENK3$_0clERN4llvm11PassBuilderEEUlNS4_9StringRefERNS4_11PassManagerINS4_8FunctionENS4_15AnalysisManagerIS9_JEEEJEEENS4_8ArrayRefINS5_15PipelineElementEEEE_EEC2B8ne190107IJLm0EEJSI_ETpTnmJEJEJSH_EEENS1_IJXspT_EEEENS_13__tuple_typesIJDpT0_EEENS1_IJXspT1_EEEENSM_IJDpT2_EEEDpOT3_
Analyzing function: _ZNSt3__112__tuple_leafILm0EOZZ23getHelloWorldPluginInfovENK3$_0clERN4llvm11PassBuilderEEUlNS2_9StringRefERNS2_11PassManagerINS2_8FunctionENS2_15AnalysisManagerIS7_JEEEJEEENS2_8ArrayRefINS3_15PipelineElementEEEE_Lb0EEC2B8ne190107ISF_TnNS_9enable_ifIXsr4_AndINS_17integral_constantIbXntu9__is_sameu14__remove_cvrefIT_ESH_EEEENS_16is_constructibleISG_JSL_EEEEE5valueEiE4typeELi0EEEOSL_
Analyzing function: _ZNSt3__15tupleIJONS_9allocatorIZZ23getHelloWorldPluginInfovENK3$_0clERN4llvm11PassBuilderEEUlNS3_9StringRefERNS3_11PassManagerINS3_8FunctionENS3_15AnalysisManagerIS8_JEEEJEEENS3_8ArrayRefINS4_15PipelineElementEEEE_EEEEC1B8ne190107IJSH_ETnNS_9enable_ifIXsr4_AndINS_17integral_constantIbXeqsZT_sZT_EEENSJ_17_EnableUTypesCtorIJDpT_EEEEE5valueEiE4typeELi0EEEDpOSP_
Analyzing function: _ZNSt3__15tupleIJONS_9allocatorIZZ23getHelloWorldPluginInfovENK3$_0clERN4llvm11PassBuilderEEUlNS3_9StringRefERNS3_11PassManagerINS3_8FunctionENS3_15AnalysisManagerIS8_JEEEJEEENS3_8ArrayRefINS4_15PipelineElementEEEE_EEEEC2B8ne190107IJSH_ETnNS_9enable_ifIXsr4_AndINS_17integral_constantIbXeqsZT_sZT_EEENSJ_17_EnableUTypesCtorIJDpT_EEEEE5valueEiE4typeELi0EEEDpOSP_
Analyzing function: _ZNSt3__112__tuple_implINS_15__tuple_indicesIJLm0EEEEJONS_9allocatorIZZ23getHelloWorldPluginInfovENK3$_0clERN4llvm11PassBuilderEEUlNS5_9StringRefERNS5_11PassManagerINS5_8FunctionENS5_15AnalysisManagerISA_JEEEJEEENS5_8ArrayRefINS6_15PipelineElementEEEE_EEEEC1B8ne190107IJLm0EEJSK_ETpTnmJEJEJSJ_EEENS1_IJXspT_EEEENS_13__tuple_typesIJDpT0_EEENS1_IJXspT1_EEEENSO_IJDpT2_EEEDpOT3_
Analyzing function: _ZNSt3__112__tuple_implINS_15__tuple_indicesIJLm0EEEEJONS_9allocatorIZZ23getHelloWorldPluginInfovENK3$_0clERN4llvm11PassBuilderEEUlNS5_9StringRefERNS5_11PassManagerINS5_8FunctionENS5_15AnalysisManagerISA_JEEEJEEENS5_8ArrayRefINS6_15PipelineElementEEEE_EEEEC2B8ne190107IJLm0EEJSK_ETpTnmJEJEJSJ_EEENS1_IJXspT_EEEENS_13__tuple_typesIJDpT0_EEENS1_IJXspT1_EEEENSO_IJDpT2_EEEDpOT3_
Analyzing function: _ZNSt3__112__tuple_leafILm0EONS_9allocatorIZZ23getHelloWorldPluginInfovENK3$_0clERN4llvm11PassBuilderEEUlNS3_9StringRefERNS3_11PassManagerINS3_8FunctionENS3_15AnalysisManagerIS8_JEEEJEEENS3_8ArrayRefINS4_15PipelineElementEEEE_EELb0EEC2B8ne190107ISH_TnNS_9enable_ifIXsr4_AndINS_17integral_constantIbXntu9__is_sameu14__remove_cvrefIT_ESJ_EEEENS_16is_constructibleISI_JSN_EEEEE5valueEiE4typeELi0EEEOSN_
Analyzing function: _ZNSt3__117__compressed_pairIZZ23getHelloWorldPluginInfovENK3$_0clERN4llvm11PassBuilderEEUlNS2_9StringRefERNS2_11PassManagerINS2_8FunctionENS2_15AnalysisManagerIS7_JEEEJEEENS2_8ArrayRefINS3_15PipelineElementEEEE_NS_9allocatorISF_EEEC2B8ne190107IJOSF_EJOSH_EEENS_21piecewise_construct_tENS_5tupleIJDpT_EEENSN_IJDpT0_EEE
Analyzing function: _ZNSt3__122__compressed_pair_elemIZZ23getHelloWorldPluginInfovENK3$_0clERN4llvm11PassBuilderEEUlNS2_9StringRefERNS2_11PassManagerINS2_8FunctionENS2_15AnalysisManagerIS7_JEEEJEEENS2_8ArrayRefINS3_15PipelineElementEEEE_Li0ELb1EEC2B8ne190107IJOSF_EJLm0EEEENS_21piecewise_construct_tENS_5tupleIJDpT_EEENS_15__tuple_indicesIJXspT0_EEEE
Analyzing function: _ZNSt3__122__compressed_pair_elemINS_9allocatorIZZ23getHelloWorldPluginInfovENK3$_0clERN4llvm11PassBuilderEEUlNS3_9StringRefERNS3_11PassManagerINS3_8FunctionENS3_15AnalysisManagerIS8_JEEEJEEENS3_8ArrayRefINS4_15PipelineElementEEEE_EELi1ELb1EEC2B8ne190107IJOSH_EJLm0EEEENS_21piecewise_construct_tENS_5tupleIJDpT_EEENS_15__tuple_indicesIJXspT0_EEEE
Analyzing function: _ZNSt3__13getB8ne190107ILm0EJOZZ23getHelloWorldPluginInfovENK3$_0clERN4llvm11PassBuilderEEUlNS2_9StringRefERNS2_11PassManagerINS2_8FunctionENS2_15AnalysisManagerIS7_JEEEJEEENS2_8ArrayRefINS3_15PipelineElementEEEE_EEERNS_13tuple_elementIXT_ENS_5tupleIJDpT0_EEEE4typeERSL_
Analyzing function: _ZNSt3__112__tuple_leafILm0EOZZ23getHelloWorldPluginInfovENK3$_0clERN4llvm11PassBuilderEEUlNS2_9StringRefERNS2_11PassManagerINS2_8FunctionENS2_15AnalysisManagerIS7_JEEEJEEENS2_8ArrayRefINS3_15PipelineElementEEEE_Lb0EE3getB8ne190107Ev
Analyzing function: _ZNSt3__13getB8ne190107ILm0EJONS_9allocatorIZZ23getHelloWorldPluginInfovENK3$_0clERN4llvm11PassBuilderEEUlNS3_9StringRefERNS3_11PassManagerINS3_8FunctionENS3_15AnalysisManagerIS8_JEEEJEEENS3_8ArrayRefINS4_15PipelineElementEEEE_EEEEERNS_13tuple_elementIXT_ENS_5tupleIJDpT0_EEEE4typeERSN_
Analyzing function: _ZNSt3__112__tuple_leafILm0EONS_9allocatorIZZ23getHelloWorldPluginInfovENK3$_0clERN4llvm11PassBuilderEEUlNS3_9StringRefERNS3_11PassManagerINS3_8FunctionENS3_15AnalysisManagerIS8_JEEEJEEENS3_8ArrayRefINS4_15PipelineElementEEEE_EELb0EE3getB8ne190107Ev
Analyzing function: _ZNSt3__110__function6__funcIZZ23getHelloWorldPluginInfovENK3$_0clERN4llvm11PassBuilderEEUlNS3_9StringRefERNS3_11PassManagerINS3_8FunctionENS3_15AnalysisManagerIS8_JEEEJEEENS3_8ArrayRefINS4_15PipelineElementEEEE_NS_9allocatorISG_EEFbS6_SC_SF_EED2Ev
Analyzing function: _ZNKSt3__110__function12__alloc_funcIZZ23getHelloWorldPluginInfovENK3$_0clERN4llvm11PassBuilderEEUlNS3_9StringRefERNS3_11PassManagerINS3_8FunctionENS3_15AnalysisManagerIS8_JEEEJEEENS3_8ArrayRefINS4_15PipelineElementEEEE_NS_9allocatorISG_EEFbS6_SC_SF_EE15__get_allocatorB8ne190107Ev
Analyzing function: _ZNSt3__19allocatorINS_10__function6__funcIZZ23getHelloWorldPluginInfovENK3$_0clERN4llvm11PassBuilderEEUlNS4_9StringRefERNS4_11PassManagerINS4_8FunctionENS4_15AnalysisManagerIS9_JEEEJEEENS4_8ArrayRefINS5_15PipelineElementEEEE_NS0_ISH_EEFbS7_SD_SG_EEEE8allocateB8ne190107Em
Analyzing function: _ZNSt3__122__allocator_destructorINS_9allocatorINS_10__function6__funcIZZ23getHelloWorldPluginInfovENK3$_0clERN4llvm11PassBuilderEEUlNS5_9StringRefERNS5_11PassManagerINS5_8FunctionENS5_15AnalysisManagerISA_JEEEJEEENS5_8ArrayRefINS6_15PipelineElementEEEE_NS1_ISI_EEFbS8_SE_SH_EEEEEEC1B8ne190107ERSM_m
Analyzing function: _ZNSt3__110unique_ptrINS_10__function6__funcIZZ23getHelloWorldPluginInfovENK3$_0clERN4llvm11PassBuilderEEUlNS4_9StringRefERNS4_11PassManagerINS4_8FunctionENS4_15AnalysisManagerIS9_JEEEJEEENS4_8ArrayRefINS5_15PipelineElementEEEE_NS_9allocatorISH_EEFbS7_SD_SG_EEENS_22__allocator_destructorINSI_ISL_EEEEEC1B8ne190107ILb1EvEEPSL_NS_16__dependent_typeINS_27__unique_ptr_deleter_sfinaeISO_EEXT_EE20__good_rval_ref_typeE
Analyzing function: _ZNKSt3__110unique_ptrINS_10__function6__funcIZZ23getHelloWorldPluginInfovENK3$_0clERN4llvm11PassBuilderEEUlNS4_9StringRefERNS4_11PassManagerINS4_8FunctionENS4_15AnalysisManagerIS9_JEEEJEEENS4_8ArrayRefINS5_15PipelineElementEEEE_NS_9allocatorISH_EEFbS7_SD_SG_EEENS_22__allocator_destructorINSI_ISL_EEEEE3getB8ne190107Ev
Analyzing function: _ZNKSt3__110__function12__alloc_funcIZZ23getHelloWorldPluginInfovENK3$_0clERN4llvm11PassBuilderEEUlNS3_9StringRefERNS3_11PassManagerINS3_8FunctionENS3_15AnalysisManagerIS8_JEEEJEEENS3_8ArrayRefINS4_15PipelineElementEEEE_NS_9allocatorISG_EEFbS6_SC_SF_EE8__targetB8ne190107Ev
Analyzing function: _ZNSt3__110__function6__funcIZZ23getHelloWorldPluginInfovENK3$_0clERN4llvm11PassBuilderEEUlNS3_9StringRefERNS3_11PassManagerINS3_8FunctionENS3_15AnalysisManagerIS8_JEEEJEEENS3_8ArrayRefINS4_15PipelineElementEEEE_NS_9allocatorISG_EEFbS6_SC_SF_EEC1B8ne190107ERKSG_OSI_
Analyzing function: _ZNSt3__110unique_ptrINS_10__function6__funcIZZ23getHelloWorldPluginInfovENK3$_0clERN4llvm11PassBuilderEEUlNS4_9StringRefERNS4_11PassManagerINS4_8FunctionENS4_15AnalysisManagerIS9_JEEEJEEENS4_8ArrayRefINS5_15PipelineElementEEEE_NS_9allocatorISH_EEFbS7_SD_SG_EEENS_22__allocator_destructorINSI_ISL_EEEEE7releaseB8ne190107Ev
Analyzing function: _ZNSt3__110unique_ptrINS_10__function6__funcIZZ23getHelloWorldPluginInfovENK3$_0clERN4llvm11PassBuilderEEUlNS4_9StringRefERNS4_11PassManagerINS4_8FunctionENS4_15AnalysisManagerIS9_JEEEJEEENS4_8ArrayRefINS5_15PipelineElementEEEE_NS_9allocatorISH_EEFbS7_SD_SG_EEENS_22__allocator_destructorINSI_ISL_EEEEED1B8ne190107Ev
Analyzing function: _ZNKSt3__117__compressed_pairIZZ23getHelloWorldPluginInfovENK3$_0clERN4llvm11PassBuilderEEUlNS2_9StringRefERNS2_11PassManagerINS2_8FunctionENS2_15AnalysisManagerIS7_JEEEJEEENS2_8ArrayRefINS3_15PipelineElementEEEE_NS_9allocatorISF_EEE6secondB8ne190107Ev
Analyzing function: _ZNKSt3__122__compressed_pair_elemINS_9allocatorIZZ23getHelloWorldPluginInfovENK3$_0clERN4llvm11PassBuilderEEUlNS3_9StringRefERNS3_11PassManagerINS3_8FunctionENS3_15AnalysisManagerIS8_JEEEJEEENS3_8ArrayRefINS4_15PipelineElementEEEE_EELi1ELb1EE5__getB8ne190107Ev
Analyzing function: _ZNSt3__116allocator_traitsINS_9allocatorINS_10__function6__funcIZZ23getHelloWorldPluginInfovENK3$_0clERN4llvm11PassBuilderEEUlNS5_9StringRefERNS5_11PassManagerINS5_8FunctionENS5_15AnalysisManagerISA_JEEEJEEENS5_8ArrayRefINS6_15PipelineElementEEEE_NS1_ISI_EEFbS8_SE_SH_EEEEEE8max_sizeB8ne190107ISM_TnNS_9enable_ifIXsr14__has_max_sizeIKT_EE5valueEiE4typeELi0EEEmRKSM_
Analyzing function: _ZSt28__throw_bad_array_new_lengthB8ne190107v
Analyzing function: _ZNSt3__117__libcpp_allocateB8ne190107Emm
Analyzing function: _ZNKSt3__19allocatorINS_10__function6__funcIZZ23getHelloWorldPluginInfovENK3$_0clERN4llvm11PassBuilderEEUlNS4_9StringRefERNS4_11PassManagerINS4_8FunctionENS4_15AnalysisManagerIS9_JEEEJEEENS4_8ArrayRefINS5_15PipelineElementEEEE_NS0_ISH_EEFbS7_SD_SG_EEEE8max_sizeB8ne190107Ev
Analyzing function: _ZNSt3__124__is_overaligned_for_newB8ne190107Em
Analyzing function: _ZNSt3__121__libcpp_operator_newB8ne190107IJmSt11align_val_tEEEPvDpT_
Analyzing function: _ZNSt3__121__libcpp_operator_newB8ne190107IJmEEEPvDpT_
Analyzing function: _ZNSt3__122__allocator_destructorINS_9allocatorINS_10__function6__funcIZZ23getHelloWorldPluginInfovENK3$_0clERN4llvm11PassBuilderEEUlNS5_9StringRefERNS5_11PassManagerINS5_8FunctionENS5_15AnalysisManagerISA_JEEEJEEENS5_8ArrayRefINS6_15PipelineElementEEEE_NS1_ISI_EEFbS8_SE_SH_EEEEEEC2B8ne190107ERSM_m
Analyzing function: _ZNSt3__110unique_ptrINS_10__function6__funcIZZ23getHelloWorldPluginInfovENK3$_0clERN4llvm11PassBuilderEEUlNS4_9StringRefERNS4_11PassManagerINS4_8FunctionENS4_15AnalysisManagerIS9_JEEEJEEENS4_8ArrayRefINS5_15PipelineElementEEEE_NS_9allocatorISH_EEFbS7_SD_SG_EEENS_22__allocator_destructorINSI_ISL_EEEEEC2B8ne190107ILb1EvEEPSL_NS_16__dependent_typeINS_27__unique_ptr_deleter_sfinaeISO_EEXT_EE20__good_rval_ref_typeE
Analyzing function: _ZNSt3__117__compressed_pairIPNS_10__function6__funcIZZ23getHelloWorldPluginInfovENK3$_0clERN4llvm11PassBuilderEEUlNS4_9StringRefERNS4_11PassManagerINS4_8FunctionENS4_15AnalysisManagerIS9_JEEEJEEENS4_8ArrayRefINS5_15PipelineElementEEEE_NS_9allocatorISH_EEFbS7_SD_SG_EEENS_22__allocator_destructorINSI_ISL_EEEEEC1B8ne190107IRSM_SP_EEOT_OT0_
Analyzing function: _ZNSt3__117__compressed_pairIPNS_10__function6__funcIZZ23getHelloWorldPluginInfovENK3$_0clERN4llvm11PassBuilderEEUlNS4_9StringRefERNS4_11PassManagerINS4_8FunctionENS4_15AnalysisManagerIS9_JEEEJEEENS4_8ArrayRefINS5_15PipelineElementEEEE_NS_9allocatorISH_EEFbS7_SD_SG_EEENS_22__allocator_destructorINSI_ISL_EEEEEC2B8ne190107IRSM_SP_EEOT_OT0_
Analyzing function: _ZNSt3__122__compressed_pair_elemIPNS_10__function6__funcIZZ23getHelloWorldPluginInfovENK3$_0clERN4llvm11PassBuilderEEUlNS4_9StringRefERNS4_11PassManagerINS4_8FunctionENS4_15AnalysisManagerIS9_JEEEJEEENS4_8ArrayRefINS5_15PipelineElementEEEE_NS_9allocatorISH_EEFbS7_SD_SG_EEELi0ELb0EEC2B8ne190107IRSM_TnNS_9enable_ifIXntsr7is_sameISN_u7__decayIT_EEE5valueEiE4typeELi0EEEOSR_
Analyzing function: _ZNSt3__122__compressed_pair_elemINS_22__allocator_destructorINS_9allocatorINS_10__function6__funcIZZ23getHelloWorldPluginInfovENK3$_0clERN4llvm11PassBuilderEEUlNS6_9StringRefERNS6_11PassManagerINS6_8FunctionENS6_15AnalysisManagerISB_JEEEJEEENS6_8ArrayRefINS7_15PipelineElementEEEE_NS2_ISJ_EEFbS9_SF_SI_EEEEEEELi1ELb0EEC2B8ne190107ISO_TnNS_9enable_ifIXntsr7is_sameISP_u7__decayIT_EEE5valueEiE4typeELi0EEEOSS_
Analyzing function: _ZNKSt3__117__compressed_pairIPNS_10__function6__funcIZZ23getHelloWorldPluginInfovENK3$_0clERN4llvm11PassBuilderEEUlNS4_9StringRefERNS4_11PassManagerINS4_8FunctionENS4_15AnalysisManagerIS9_JEEEJEEENS4_8ArrayRefINS5_15PipelineElementEEEE_NS_9allocatorISH_EEFbS7_SD_SG_EEENS_22__allocator_destructorINSI_ISL_EEEEE5firstB8ne190107Ev
Analyzing function: _ZNKSt3__122__compressed_pair_elemIPNS_10__function6__funcIZZ23getHelloWorldPluginInfovENK3$_0clERN4llvm11PassBuilderEEUlNS4_9StringRefERNS4_11PassManagerINS4_8FunctionENS4_15AnalysisManagerIS9_JEEEJEEENS4_8ArrayRefINS5_15PipelineElementEEEE_NS_9allocatorISH_EEFbS7_SD_SG_EEELi0ELb0EE5__getB8ne190107Ev
Analyzing function: _ZNKSt3__117__compressed_pairIZZ23getHelloWorldPluginInfovENK3$_0clERN4llvm11PassBuilderEEUlNS2_9StringRefERNS2_11PassManagerINS2_8FunctionENS2_15AnalysisManagerIS7_JEEEJEEENS2_8ArrayRefINS3_15PipelineElementEEEE_NS_9allocatorISF_EEE5firstB8ne190107Ev
Analyzing function: _ZNKSt3__122__compressed_pair_elemIZZ23getHelloWorldPluginInfovENK3$_0clERN4llvm11PassBuilderEEUlNS2_9StringRefERNS2_11PassManagerINS2_8FunctionENS2_15AnalysisManagerIS7_JEEEJEEENS2_8ArrayRefINS3_15PipelineElementEEEE_Li0ELb1EE5__getB8ne190107Ev
Analyzing function: _ZNSt3__110__function6__funcIZZ23getHelloWorldPluginInfovENK3$_0clERN4llvm11PassBuilderEEUlNS3_9StringRefERNS3_11PassManagerINS3_8FunctionENS3_15AnalysisManagerIS8_JEEEJEEENS3_8ArrayRefINS4_15PipelineElementEEEE_NS_9allocatorISG_EEFbS6_SC_SF_EEC2B8ne190107ERKSG_OSI_
Analyzing function: _ZNSt3__110__function12__alloc_funcIZZ23getHelloWorldPluginInfovENK3$_0clERN4llvm11PassBuilderEEUlNS3_9StringRefERNS3_11PassManagerINS3_8FunctionENS3_15AnalysisManagerIS8_JEEEJEEENS3_8ArrayRefINS4_15PipelineElementEEEE_NS_9allocatorISG_EEFbS6_SC_SF_EEC1B8ne190107ERKSG_OSI_
Analyzing function: _ZNSt3__110__function12__alloc_funcIZZ23getHelloWorldPluginInfovENK3$_0clERN4llvm11PassBuilderEEUlNS3_9StringRefERNS3_11PassManagerINS3_8FunctionENS3_15AnalysisManagerIS8_JEEEJEEENS3_8ArrayRefINS4_15PipelineElementEEEE_NS_9allocatorISG_EEFbS6_SC_SF_EEC2B8ne190107ERKSG_OSI_
Analyzing function: _ZNSt3__116forward_as_tupleB8ne190107IJRKZZ23getHelloWorldPluginInfovENK3$_0clERN4llvm11PassBuilderEEUlNS2_9StringRefERNS2_11PassManagerINS2_8FunctionENS2_15AnalysisManagerIS7_JEEEJEEENS2_8ArrayRefINS3_15PipelineElementEEEE_EEENS_5tupleIJDpOT_EEESL_
Analyzing function: _ZNSt3__117__compressed_pairIZZ23getHelloWorldPluginInfovENK3$_0clERN4llvm11PassBuilderEEUlNS2_9StringRefERNS2_11PassManagerINS2_8FunctionENS2_15AnalysisManagerIS7_JEEEJEEENS2_8ArrayRefINS3_15PipelineElementEEEE_NS_9allocatorISF_EEEC1B8ne190107IJRKSF_EJOSH_EEENS_21piecewise_construct_tENS_5tupleIJDpT_EEENSO_IJDpT0_EEE
Analyzing function: _ZNSt3__15tupleIJRKZZ23getHelloWorldPluginInfovENK3$_0clERN4llvm11PassBuilderEEUlNS2_9StringRefERNS2_11PassManagerINS2_8FunctionENS2_15AnalysisManagerIS7_JEEEJEEENS2_8ArrayRefINS3_15PipelineElementEEEE_EEC1B8ne190107INS_4_AndETnNS_9enable_ifIXsrT_IJNS_17integral_constantIbLb1EEENS_21is_copy_constructibleISH_EEEE5valueEiE4typeELi0EEESH_
Analyzing function: _ZNSt3__15tupleIJRKZZ23getHelloWorldPluginInfovENK3$_0clERN4llvm11PassBuilderEEUlNS2_9StringRefERNS2_11PassManagerINS2_8FunctionENS2_15AnalysisManagerIS7_JEEEJEEENS2_8ArrayRefINS3_15PipelineElementEEEE_EEC2B8ne190107INS_4_AndETnNS_9enable_ifIXsrT_IJNS_17integral_constantIbLb1EEENS_21is_copy_constructibleISH_EEEE5valueEiE4typeELi0EEESH_
Analyzing function: _ZNSt3__112__tuple_implINS_15__tuple_indicesIJLm0EEEEJRKZZ23getHelloWorldPluginInfovENK3$_0clERN4llvm11PassBuilderEEUlNS4_9StringRefERNS4_11PassManagerINS4_8FunctionENS4_15AnalysisManagerIS9_JEEEJEEENS4_8ArrayRefINS5_15PipelineElementEEEE_EEC1B8ne190107IJLm0EEJSJ_ETpTnmJEJEJSJ_EEENS1_IJXspT_EEEENS_13__tuple_typesIJDpT0_EEENS1_IJXspT1_EEEENSN_IJDpT2_EEEDpOT3_
Analyzing function: _ZNSt3__112__tuple_implINS_15__tuple_indicesIJLm0EEEEJRKZZ23getHelloWorldPluginInfovENK3$_0clERN4llvm11PassBuilderEEUlNS4_9StringRefERNS4_11PassManagerINS4_8FunctionENS4_15AnalysisManagerIS9_JEEEJEEENS4_8ArrayRefINS5_15PipelineElementEEEE_EEC2B8ne190107IJLm0EEJSJ_ETpTnmJEJEJSJ_EEENS1_IJXspT_EEEENS_13__tuple_typesIJDpT0_EEENS1_IJXspT1_EEEENSN_IJDpT2_EEEDpOT3_
Analyzing function: _ZNSt3__112__tuple_leafILm0ERKZZ23getHelloWorldPluginInfovENK3$_0clERN4llvm11PassBuilderEEUlNS2_9StringRefERNS2_11PassManagerINS2_8FunctionENS2_15AnalysisManagerIS7_JEEEJEEENS2_8ArrayRefINS3_15PipelineElementEEEE_Lb0EEC2B8ne190107ISH_TnNS_9enable_ifIXsr4_AndINS_17integral_constantIbXntu9__is_sameu14__remove_cvrefIT_ESI_EEEENS_16is_constructibleISH_JSM_EEEEE5valueEiE4typeELi0EEEOSM_
Analyzing function: _ZNSt3__117__compressed_pairIZZ23getHelloWorldPluginInfovENK3$_0clERN4llvm11PassBuilderEEUlNS2_9StringRefERNS2_11PassManagerINS2_8FunctionENS2_15AnalysisManagerIS7_JEEEJEEENS2_8ArrayRefINS3_15PipelineElementEEEE_NS_9allocatorISF_EEEC2B8ne190107IJRKSF_EJOSH_EEENS_21piecewise_construct_tENS_5tupleIJDpT_EEENSO_IJDpT0_EEE
Analyzing function: _ZNSt3__122__compressed_pair_elemIZZ23getHelloWorldPluginInfovENK3$_0clERN4llvm11PassBuilderEEUlNS2_9StringRefERNS2_11PassManagerINS2_8FunctionENS2_15AnalysisManagerIS7_JEEEJEEENS2_8ArrayRefINS3_15PipelineElementEEEE_Li0ELb1EEC2B8ne190107IJRKSF_EJLm0EEEENS_21piecewise_construct_tENS_5tupleIJDpT_EEENS_15__tuple_indicesIJXspT0_EEEE
Analyzing function: _ZNSt3__13getB8ne190107ILm0EJRKZZ23getHelloWorldPluginInfovENK3$_0clERN4llvm11PassBuilderEEUlNS2_9StringRefERNS2_11PassManagerINS2_8FunctionENS2_15AnalysisManagerIS7_JEEEJEEENS2_8ArrayRefINS3_15PipelineElementEEEE_EEERNS_13tuple_elementIXT_ENS_5tupleIJDpT0_EEEE4typeERSM_
Analyzing function: _ZNSt3__112__tuple_leafILm0ERKZZ23getHelloWorldPluginInfovENK3$_0clERN4llvm11PassBuilderEEUlNS2_9StringRefERNS2_11PassManagerINS2_8FunctionENS2_15AnalysisManagerIS7_JEEEJEEENS2_8ArrayRefINS3_15PipelineElementEEEE_Lb0EE3getB8ne190107Ev
Analyzing function: _ZNSt3__117__compressed_pairIPNS_10__function6__funcIZZ23getHelloWorldPluginInfovENK3$_0clERN4llvm11PassBuilderEEUlNS4_9StringRefERNS4_11PassManagerINS4_8FunctionENS4_15AnalysisManagerIS9_JEEEJEEENS4_8ArrayRefINS5_15PipelineElementEEEE_NS_9allocatorISH_EEFbS7_SD_SG_EEENS_22__allocator_destructorINSI_ISL_EEEEE5firstB8ne190107Ev
Analyzing function: _ZNSt3__122__compressed_pair_elemIPNS_10__function6__funcIZZ23getHelloWorldPluginInfovENK3$_0clERN4llvm11PassBuilderEEUlNS4_9StringRefERNS4_11PassManagerINS4_8FunctionENS4_15AnalysisManagerIS9_JEEEJEEENS4_8ArrayRefINS5_15PipelineElementEEEE_NS_9allocatorISH_EEFbS7_SD_SG_EEELi0ELb0EE5__getB8ne190107Ev
Analyzing function: _ZNSt3__110unique_ptrINS_10__function6__funcIZZ23getHelloWorldPluginInfovENK3$_0clERN4llvm11PassBuilderEEUlNS4_9StringRefERNS4_11PassManagerINS4_8FunctionENS4_15AnalysisManagerIS9_JEEEJEEENS4_8ArrayRefINS5_15PipelineElementEEEE_NS_9allocatorISH_EEFbS7_SD_SG_EEENS_22__allocator_destructorINSI_ISL_EEEEED2B8ne190107Ev
Analyzing function: _ZNSt3__110unique_ptrINS_10__function6__funcIZZ23getHelloWorldPluginInfovENK3$_0clERN4llvm11PassBuilderEEUlNS4_9StringRefERNS4_11PassManagerINS4_8FunctionENS4_15AnalysisManagerIS9_JEEEJEEENS4_8ArrayRefINS5_15PipelineElementEEEE_NS_9allocatorISH_EEFbS7_SD_SG_EEENS_22__allocator_destructorINSI_ISL_EEEEE5resetB8ne190107EPSL_
Analyzing function: _ZNSt3__117__compressed_pairIPNS_10__function6__funcIZZ23getHelloWorldPluginInfovENK3$_0clERN4llvm11PassBuilderEEUlNS4_9StringRefERNS4_11PassManagerINS4_8FunctionENS4_15AnalysisManagerIS9_JEEEJEEENS4_8ArrayRefINS5_15PipelineElementEEEE_NS_9allocatorISH_EEFbS7_SD_SG_EEENS_22__allocator_destructorINSI_ISL_EEEEE6secondB8ne190107Ev
Analyzing function: _ZNSt3__122__allocator_destructorINS_9allocatorINS_10__function6__funcIZZ23getHelloWorldPluginInfovENK3$_0clERN4llvm11PassBuilderEEUlNS5_9StringRefERNS5_11PassManagerINS5_8FunctionENS5_15AnalysisManagerISA_JEEEJEEENS5_8ArrayRefINS6_15PipelineElementEEEE_NS1_ISI_EEFbS8_SE_SH_EEEEEEclB8ne190107EPSL_
Analyzing function: _ZNSt3__122__compressed_pair_elemINS_22__allocator_destructorINS_9allocatorINS_10__function6__funcIZZ23getHelloWorldPluginInfovENK3$_0clERN4llvm11PassBuilderEEUlNS6_9StringRefERNS6_11PassManagerINS6_8FunctionENS6_15AnalysisManagerISB_JEEEJEEENS6_8ArrayRefINS7_15PipelineElementEEEE_NS2_ISJ_EEFbS9_SF_SI_EEEEEEELi1ELb0EE5__getB8ne190107Ev
Analyzing function: _ZNSt3__116allocator_traitsINS_9allocatorINS_10__function6__funcIZZ23getHelloWorldPluginInfovENK3$_0clERN4llvm11PassBuilderEEUlNS5_9StringRefERNS5_11PassManagerINS5_8FunctionENS5_15AnalysisManagerISA_JEEEJEEENS5_8ArrayRefINS6_15PipelineElementEEEE_NS1_ISI_EEFbS8_SE_SH_EEEEEE10deallocateB8ne190107ERSM_PSL_m
Analyzing function: _ZNSt3__19allocatorINS_10__function6__funcIZZ23getHelloWorldPluginInfovENK3$_0clERN4llvm11PassBuilderEEUlNS4_9StringRefERNS4_11PassManagerINS4_8FunctionENS4_15AnalysisManagerIS9_JEEEJEEENS4_8ArrayRefINS5_15PipelineElementEEEE_NS0_ISH_EEFbS7_SD_SG_EEEE10deallocateB8ne190107EPSK_m
Analyzing function: _ZNSt3__119__libcpp_deallocateB8ne190107EPvmm
Analyzing function: _ZNSt3__127__do_deallocate_handle_sizeB8ne190107IJSt11align_val_tEEEvPvmDpT_
Analyzing function: _ZNSt3__127__do_deallocate_handle_sizeB8ne190107IJEEEvPvmDpT_
Analyzing function: _ZNSt3__124__libcpp_operator_deleteB8ne190107IJPvmSt11align_val_tEEEvDpT_
Analyzing function: _ZNSt3__124__libcpp_operator_deleteB8ne190107IJPvmEEEvDpT_
Analyzing function: _ZNSt3__110__function6__funcIZZ23getHelloWorldPluginInfovENK3$_0clERN4llvm11PassBuilderEEUlNS3_9StringRefERNS3_11PassManagerINS3_8FunctionENS3_15AnalysisManagerIS8_JEEEJEEENS3_8ArrayRefINS4_15PipelineElementEEEE_NS_9allocatorISG_EEFbS6_SC_SF_EEC1B8ne190107ERKSG_RKSI_
Analyzing function: _ZNSt3__110__function6__funcIZZ23getHelloWorldPluginInfovENK3$_0clERN4llvm11PassBuilderEEUlNS3_9StringRefERNS3_11PassManagerINS3_8FunctionENS3_15AnalysisManagerIS8_JEEEJEEENS3_8ArrayRefINS4_15PipelineElementEEEE_NS_9allocatorISG_EEFbS6_SC_SF_EEC2B8ne190107ERKSG_RKSI_
Analyzing function: _ZNSt3__110__function12__alloc_funcIZZ23getHelloWorldPluginInfovENK3$_0clERN4llvm11PassBuilderEEUlNS3_9StringRefERNS3_11PassManagerINS3_8FunctionENS3_15AnalysisManagerIS8_JEEEJEEENS3_8ArrayRefINS4_15PipelineElementEEEE_NS_9allocatorISG_EEFbS6_SC_SF_EEC1B8ne190107ERKSG_RKSI_
Analyzing function: _ZNSt3__110__function12__alloc_funcIZZ23getHelloWorldPluginInfovENK3$_0clERN4llvm11PassBuilderEEUlNS3_9StringRefERNS3_11PassManagerINS3_8FunctionENS3_15AnalysisManagerIS8_JEEEJEEENS3_8ArrayRefINS4_15PipelineElementEEEE_NS_9allocatorISG_EEFbS6_SC_SF_EEC2B8ne190107ERKSG_RKSI_
Analyzing function: _ZNSt3__116forward_as_tupleB8ne190107IJRKNS_9allocatorIZZ23getHelloWorldPluginInfovENK3$_0clERN4llvm11PassBuilderEEUlNS3_9StringRefERNS3_11PassManagerINS3_8FunctionENS3_15AnalysisManagerIS8_JEEEJEEENS3_8ArrayRefINS4_15PipelineElementEEEE_EEEEENS_5tupleIJDpOT_EEESN_
Analyzing function: _ZNSt3__117__compressed_pairIZZ23getHelloWorldPluginInfovENK3$_0clERN4llvm11PassBuilderEEUlNS2_9StringRefERNS2_11PassManagerINS2_8FunctionENS2_15AnalysisManagerIS7_JEEEJEEENS2_8ArrayRefINS3_15PipelineElementEEEE_NS_9allocatorISF_EEEC1B8ne190107IJRKSF_EJRKSH_EEENS_21piecewise_construct_tENS_5tupleIJDpT_EEENSP_IJDpT0_EEE
Analyzing function: _ZNSt3__15tupleIJRKNS_9allocatorIZZ23getHelloWorldPluginInfovENK3$_0clERN4llvm11PassBuilderEEUlNS3_9StringRefERNS3_11PassManagerINS3_8FunctionENS3_15AnalysisManagerIS8_JEEEJEEENS3_8ArrayRefINS4_15PipelineElementEEEE_EEEEC1B8ne190107INS_4_AndETnNS_9enable_ifIXsrT_IJNS_17integral_constantIbLb1EEENS_21is_copy_constructibleISJ_EEEE5valueEiE4typeELi0EEESJ_
Analyzing function: _ZNSt3__15tupleIJRKNS_9allocatorIZZ23getHelloWorldPluginInfovENK3$_0clERN4llvm11PassBuilderEEUlNS3_9StringRefERNS3_11PassManagerINS3_8FunctionENS3_15AnalysisManagerIS8_JEEEJEEENS3_8ArrayRefINS4_15PipelineElementEEEE_EEEEC2B8ne190107INS_4_AndETnNS_9enable_ifIXsrT_IJNS_17integral_constantIbLb1EEENS_21is_copy_constructibleISJ_EEEE5valueEiE4typeELi0EEESJ_
Analyzing function: _ZNSt3__112__tuple_implINS_15__tuple_indicesIJLm0EEEEJRKNS_9allocatorIZZ23getHelloWorldPluginInfovENK3$_0clERN4llvm11PassBuilderEEUlNS5_9StringRefERNS5_11PassManagerINS5_8FunctionENS5_15AnalysisManagerISA_JEEEJEEENS5_8ArrayRefINS6_15PipelineElementEEEE_EEEEC1B8ne190107IJLm0EEJSL_ETpTnmJEJEJSL_EEENS1_IJXspT_EEEENS_13__tuple_typesIJDpT0_EEENS1_IJXspT1_EEEENSP_IJDpT2_EEEDpOT3_
Analyzing function: _ZNSt3__112__tuple_implINS_15__tuple_indicesIJLm0EEEEJRKNS_9allocatorIZZ23getHelloWorldPluginInfovENK3$_0clERN4llvm11PassBuilderEEUlNS5_9StringRefERNS5_11PassManagerINS5_8FunctionENS5_15AnalysisManagerISA_JEEEJEEENS5_8ArrayRefINS6_15PipelineElementEEEE_EEEEC2B8ne190107IJLm0EEJSL_ETpTnmJEJEJSL_EEENS1_IJXspT_EEEENS_13__tuple_typesIJDpT0_EEENS1_IJXspT1_EEEENSP_IJDpT2_EEEDpOT3_
Analyzing function: _ZNSt3__112__tuple_leafILm0ERKNS_9allocatorIZZ23getHelloWorldPluginInfovENK3$_0clERN4llvm11PassBuilderEEUlNS3_9StringRefERNS3_11PassManagerINS3_8FunctionENS3_15AnalysisManagerIS8_JEEEJEEENS3_8ArrayRefINS4_15PipelineElementEEEE_EELb0EEC2B8ne190107ISJ_TnNS_9enable_ifIXsr4_AndINS_17integral_constantIbXntu9__is_sameu14__remove_cvrefIT_ESK_EEEENS_16is_constructibleISJ_JSO_EEEEE5valueEiE4typeELi0EEEOSO_
Analyzing function: _ZNSt3__117__compressed_pairIZZ23getHelloWorldPluginInfovENK3$_0clERN4llvm11PassBuilderEEUlNS2_9StringRefERNS2_11PassManagerINS2_8FunctionENS2_15AnalysisManagerIS7_JEEEJEEENS2_8ArrayRefINS3_15PipelineElementEEEE_NS_9allocatorISF_EEEC2B8ne190107IJRKSF_EJRKSH_EEENS_21piecewise_construct_tENS_5tupleIJDpT_EEENSP_IJDpT0_EEE
Analyzing function: _ZNSt3__122__compressed_pair_elemINS_9allocatorIZZ23getHelloWorldPluginInfovENK3$_0clERN4llvm11PassBuilderEEUlNS3_9StringRefERNS3_11PassManagerINS3_8FunctionENS3_15AnalysisManagerIS8_JEEEJEEENS3_8ArrayRefINS4_15PipelineElementEEEE_EELi1ELb1EEC2B8ne190107IJRKSH_EJLm0EEEENS_21piecewise_construct_tENS_5tupleIJDpT_EEENS_15__tuple_indicesIJXspT0_EEEE
Analyzing function: _ZNSt3__13getB8ne190107ILm0EJRKNS_9allocatorIZZ23getHelloWorldPluginInfovENK3$_0clERN4llvm11PassBuilderEEUlNS3_9StringRefERNS3_11PassManagerINS3_8FunctionENS3_15AnalysisManagerIS8_JEEEJEEENS3_8ArrayRefINS4_15PipelineElementEEEE_EEEEERNS_13tuple_elementIXT_ENS_5tupleIJDpT0_EEEE4typeERSO_
Analyzing function: _ZNSt3__112__tuple_leafILm0ERKNS_9allocatorIZZ23getHelloWorldPluginInfovENK3$_0clERN4llvm11PassBuilderEEUlNS3_9StringRefERNS3_11PassManagerINS3_8FunctionENS3_15AnalysisManagerIS8_JEEEJEEENS3_8ArrayRefINS4_15PipelineElementEEEE_EELb0EE3getB8ne190107Ev
Analyzing function: _ZNSt3__110__function12__alloc_funcIZZ23getHelloWorldPluginInfovENK3$_0clERN4llvm11PassBuilderEEUlNS3_9StringRefERNS3_11PassManagerINS3_8FunctionENS3_15AnalysisManagerIS8_JEEEJEEENS3_8ArrayRefINS4_15PipelineElementEEEE_NS_9allocatorISG_EEFbS6_SC_SF_EE7destroyB8ne190107Ev
Analyzing function: _ZNSt3__110__function12__alloc_funcIZZ23getHelloWorldPluginInfovENK3$_0clERN4llvm11PassBuilderEEUlNS3_9StringRefERNS3_11PassManagerINS3_8FunctionENS3_15AnalysisManagerIS8_JEEEJEEENS3_8ArrayRefINS4_15PipelineElementEEEE_NS_9allocatorISG_EEFbS6_SC_SF_EEclB8ne190107EOS6_SC_OSF_
Analyzing function: _ZNSt3__128__invoke_void_return_wrapperIbLb0EE6__callB8ne190107IJRZZ23getHelloWorldPluginInfovENK3$_0clERN4llvm11PassBuilderEEUlNS4_9StringRefERNS4_11PassManagerINS4_8FunctionENS4_15AnalysisManagerIS9_JEEEJEEENS4_8ArrayRefINS5_15PipelineElementEEEE_S7_SD_SG_EEEbDpOT_
Analyzing function: _ZNSt3__117__compressed_pairIZZ23getHelloWorldPluginInfovENK3$_0clERN4llvm11PassBuilderEEUlNS2_9StringRefERNS2_11PassManagerINS2_8FunctionENS2_15AnalysisManagerIS7_JEEEJEEENS2_8ArrayRefINS3_15PipelineElementEEEE_NS_9allocatorISF_EEE5firstB8ne190107Ev
Analyzing function: _ZNSt3__18__invokeB8ne190107IRZZ23getHelloWorldPluginInfovENK3$_0clERN4llvm11PassBuilderEEUlNS2_9StringRefERNS2_11PassManagerINS2_8FunctionENS2_15AnalysisManagerIS7_JEEEJEEENS2_8ArrayRefINS3_15PipelineElementEEEE_JS5_SB_SE_EEEDTclclsr3stdE7declvalIT_EEspclsr3stdE7declvalIT0_EEEEOSH_DpOSI_
Analyzing function: _ZZZ23getHelloWorldPluginInfovENK3$_0clERN4llvm11PassBuilderEENKUlNS0_9StringRefERNS0_11PassManagerINS0_8FunctionENS0_15AnalysisManagerIS5_JEEEJEEENS0_8ArrayRefINS1_15PipelineElementEEEE_clES3_S9_SC_
Analyzing function: _ZN4llvmeqENS_9StringRefES0_
Analyzing function: _ZN4llvm9StringRefC1EPKc
Analyzing function: _ZN4llvm11PassManagerINS_8FunctionENS_15AnalysisManagerIS1_JEEEJEE7addPassINS_16LoopSimplifyPassEEENSt3__19enable_ifIXntsr3stdE9is_same_vIT_S4_EEvE4typeEOS9_
Analyzing function: _ZN4llvm11PassManagerINS_8FunctionENS_15AnalysisManagerIS1_JEEEJEE7addPassIN12_GLOBAL__N_18LoopPassEEENSt3__19enable_ifIXntsr3stdE9is_same_vIT_S4_EEvE4typeEOSA_
Analyzing function: _ZNK4llvm9StringRef4sizeEv
Analyzing function: _ZNK4llvm9StringRef5emptyEv
Analyzing function: _ZNK4llvm9StringRef4dataEv
Analyzing function: _ZN4llvm9StringRefC2EPKc
Analyzing function: _ZNSt3__111char_traitsIcE6lengthB8ne190107EPKc
Analyzing function: _ZNSt3__118__constexpr_strlenB8ne190107IcEEmPKT_
Analyzing function: _ZNSt3__16vectorINS_10unique_ptrIN4llvm6detail11PassConceptINS2_8FunctionENS2_15AnalysisManagerIS5_JEEEJEEENS_14default_deleteIS8_EEEENS_9allocatorISB_EEE9push_backB8ne190107EOSB_
Analyzing function: _ZN4llvm6detail9PassModelINS_8FunctionENS_16LoopSimplifyPassENS_15AnalysisManagerIS2_JEEEJEEC1ES3_
Analyzing function: _ZNSt3__110unique_ptrIN4llvm6detail11PassConceptINS1_8FunctionENS1_15AnalysisManagerIS4_JEEEJEEENS_14default_deleteIS7_EEEC1B8ne190107ILb1EvEEPS7_
Analyzing function: _ZNSt3__110unique_ptrIN4llvm6detail11PassConceptINS1_8FunctionENS1_15AnalysisManagerIS4_JEEEJEEENS_14default_deleteIS7_EEED1B8ne190107Ev
Analyzing function: _ZNSt3__16vectorINS_10unique_ptrIN4llvm6detail11PassConceptINS2_8FunctionENS2_15AnalysisManagerIS5_JEEEJEEENS_14default_deleteIS8_EEEENS_9allocatorISB_EEE9__end_capB8ne190107Ev
Analyzing function: _ZNSt3__16vectorINS_10unique_ptrIN4llvm6detail11PassConceptINS2_8FunctionENS2_15AnalysisManagerIS5_JEEEJEEENS_14default_deleteIS8_EEEENS_9allocatorISB_EEE22__construct_one_at_endB8ne190107IJSB_EEEvDpOT_
Analyzing function: _ZNSt3__16vectorINS_10unique_ptrIN4llvm6detail11PassConceptINS2_8FunctionENS2_15AnalysisManagerIS5_JEEEJEEENS_14default_deleteIS8_EEEENS_9allocatorISB_EEE21__push_back_slow_pathISB_EEPSB_OT_
Analyzing function: _ZNSt3__117__compressed_pairIPNS_10unique_ptrIN4llvm6detail11PassConceptINS2_8FunctionENS2_15AnalysisManagerIS5_JEEEJEEENS_14default_deleteIS8_EEEENS_9allocatorISB_EEE5firstB8ne190107Ev
Analyzing function: _ZNSt3__122__compressed_pair_elemIPNS_10unique_ptrIN4llvm6detail11PassConceptINS2_8FunctionENS2_15AnalysisManagerIS5_JEEEJEEENS_14default_deleteIS8_EEEELi0ELb0EE5__getB8ne190107Ev
Analyzing function: _ZNSt3__16vectorINS_10unique_ptrIN4llvm6detail11PassConceptINS2_8FunctionENS2_15AnalysisManagerIS5_JEEEJEEENS_14default_deleteIS8_EEEENS_9allocatorISB_EEE21_ConstructTransactionC1B8ne190107ERSE_m
Analyzing function: _ZNSt3__116allocator_traitsINS_9allocatorINS_10unique_ptrIN4llvm6detail11PassConceptINS3_8FunctionENS3_15AnalysisManagerIS6_JEEEJEEENS_14default_deleteIS9_EEEEEEE9constructB8ne190107ISC_JSC_ETnNS_9enable_ifIXsr15__has_constructISD_PT_DpT0_EE5valueEiE4typeELi0EEEvRSD_SI_DpOSJ_
Analyzing function: _ZNSt3__16vectorINS_10unique_ptrIN4llvm6detail11PassConceptINS2_8FunctionENS2_15AnalysisManagerIS5_JEEEJEEENS_14default_deleteIS8_EEEENS_9allocatorISB_EEE7__allocB8ne190107Ev
Analyzing function: _ZNSt3__112__to_addressB8ne190107INS_10unique_ptrIN4llvm6detail11PassConceptINS2_8FunctionENS2_15AnalysisManagerIS5_JEEEJEEENS_14default_deleteIS8_EEEEEEPT_SD_
Analyzing function: _ZNSt3__16vectorINS_10unique_ptrIN4llvm6detail11PassConceptINS2_8FunctionENS2_15AnalysisManagerIS5_JEEEJEEENS_14default_deleteIS8_EEEENS_9allocatorISB_EEE21_ConstructTransactionD1B8ne190107Ev
Analyzing function: _ZNSt3__16vectorINS_10unique_ptrIN4llvm6detail11PassConceptINS2_8FunctionENS2_15AnalysisManagerIS5_JEEEJEEENS_14default_deleteIS8_EEEENS_9allocatorISB_EEE21_ConstructTransactionC2B8ne190107ERSE_m
Analyzing function: _ZNSt3__19allocatorINS_10unique_ptrIN4llvm6detail11PassConceptINS2_8FunctionENS2_15AnalysisManagerIS5_JEEEJEEENS_14default_deleteIS8_EEEEE9constructB8ne190107ISB_JSB_EEEvPT_DpOT0_
Analyzing function: _ZNSt3__110unique_ptrIN4llvm6detail11PassConceptINS1_8FunctionENS1_15AnalysisManagerIS4_JEEEJEEENS_14default_deleteIS7_EEEC1B8ne190107EOSA_
Analyzing function: _ZNSt3__110unique_ptrIN4llvm6detail11PassConceptINS1_8FunctionENS1_15AnalysisManagerIS4_JEEEJEEENS_14default_deleteIS7_EEEC2B8ne190107EOSA_
Analyzing function: _ZNSt3__110unique_ptrIN4llvm6detail11PassConceptINS1_8FunctionENS1_15AnalysisManagerIS4_JEEEJEEENS_14default_deleteIS7_EEE7releaseB8ne190107Ev
Analyzing function: _ZNSt3__110unique_ptrIN4llvm6detail11PassConceptINS1_8FunctionENS1_15AnalysisManagerIS4_JEEEJEEENS_14default_deleteIS7_EEE11get_deleterB8ne190107Ev
Analyzing function: _ZNSt3__117__compressed_pairIPN4llvm6detail11PassConceptINS1_8FunctionENS1_15AnalysisManagerIS4_JEEEJEEENS_14default_deleteIS7_EEEC1B8ne190107IS8_SA_EEOT_OT0_
Analyzing function: _ZNSt3__117__compressed_pairIPN4llvm6detail11PassConceptINS1_8FunctionENS1_15AnalysisManagerIS4_JEEEJEEENS_14default_deleteIS7_EEE5firstB8ne190107Ev
Analyzing function: _ZNSt3__122__compressed_pair_elemIPN4llvm6detail11PassConceptINS1_8FunctionENS1_15AnalysisManagerIS4_JEEEJEEELi0ELb0EE5__getB8ne190107Ev
Analyzing function: _ZNSt3__117__compressed_pairIPN4llvm6detail11PassConceptINS1_8FunctionENS1_15AnalysisManagerIS4_JEEEJEEENS_14default_deleteIS7_EEE6secondB8ne190107Ev
Analyzing function: _ZNSt3__122__compressed_pair_elemINS_14default_deleteIN4llvm6detail11PassConceptINS2_8FunctionENS2_15AnalysisManagerIS5_JEEEJEEEEELi1ELb1EE5__getB8ne190107Ev
Analyzing function: _ZNSt3__117__compressed_pairIPN4llvm6detail11PassConceptINS1_8FunctionENS1_15AnalysisManagerIS4_JEEEJEEENS_14default_deleteIS7_EEEC2B8ne190107IS8_SA_EEOT_OT0_
Analyzing function: _ZNSt3__122__compressed_pair_elemIPN4llvm6detail11PassConceptINS1_8FunctionENS1_15AnalysisManagerIS4_JEEEJEEELi0ELb0EEC2B8ne190107IS8_TnNS_9enable_ifIXntsr7is_sameIS9_u7__decayIT_EEE5valueEiE4typeELi0EEEOSC_
Analyzing function: _ZNSt3__122__compressed_pair_elemINS_14default_deleteIN4llvm6detail11PassConceptINS2_8FunctionENS2_15AnalysisManagerIS5_JEEEJEEEEELi1ELb1EEC2B8ne190107IS9_TnNS_9enable_ifIXntsr7is_sameISA_u7__decayIT_EEE5valueEiE4typeELi0EEEOSD_
Analyzing function: _ZNSt3__117__compressed_pairIPNS_10unique_ptrIN4llvm6detail11PassConceptINS2_8FunctionENS2_15AnalysisManagerIS5_JEEEJEEENS_14default_deleteIS8_EEEENS_9allocatorISB_EEE6secondB8ne190107Ev
Analyzing function: _ZNSt3__122__compressed_pair_elemINS_9allocatorINS_10unique_ptrIN4llvm6detail11PassConceptINS3_8FunctionENS3_15AnalysisManagerIS6_JEEEJEEENS_14default_deleteIS9_EEEEEELi1ELb1EE5__getB8ne190107Ev
Analyzing function: _ZNSt3__16vectorINS_10unique_ptrIN4llvm6detail11PassConceptINS2_8FunctionENS2_15AnalysisManagerIS5_JEEEJEEENS_14default_deleteIS8_EEEENS_9allocatorISB_EEE21_ConstructTransactionD2B8ne190107Ev
Analyzing function: _ZNKSt3__16vectorINS_10unique_ptrIN4llvm6detail11PassConceptINS2_8FunctionENS2_15AnalysisManagerIS5_JEEEJEEENS_14default_deleteIS8_EEEENS_9allocatorISB_EEE11__recommendB8ne190107Em
Analyzing function: _ZNKSt3__16vectorINS_10unique_ptrIN4llvm6detail11PassConceptINS2_8FunctionENS2_15AnalysisManagerIS5_JEEEJEEENS_14default_deleteIS8_EEEENS_9allocatorISB_EEE4sizeB8ne190107Ev
Analyzing function: _ZNSt3__114__split_bufferINS_10unique_ptrIN4llvm6detail11PassConceptINS2_8FunctionENS2_15AnalysisManagerIS5_JEEEJEEENS_14default_deleteIS8_EEEERNS_9allocatorISB_EEEC1EmmSE_
Analyzing function: _ZNSt3__16vectorINS_10unique_ptrIN4llvm6detail11PassConceptINS2_8FunctionENS2_15AnalysisManagerIS5_JEEEJEEENS_14default_deleteIS8_EEEENS_9allocatorISB_EEE26__swap_out_circular_bufferERNS_14__split_bufferISB_RSD_EE
Analyzing function: _ZNSt3__114__split_bufferINS_10unique_ptrIN4llvm6detail11PassConceptINS2_8FunctionENS2_15AnalysisManagerIS5_JEEEJEEENS_14default_deleteIS8_EEEERNS_9allocatorISB_EEED1Ev
Analyzing function: _ZNKSt3__16vectorINS_10unique_ptrIN4llvm6detail11PassConceptINS2_8FunctionENS2_15AnalysisManagerIS5_JEEEJEEENS_14default_deleteIS8_EEEENS_9allocatorISB_EEE8max_sizeEv
Analyzing function: _ZNKSt3__16vectorINS_10unique_ptrIN4llvm6detail11PassConceptINS2_8FunctionENS2_15AnalysisManagerIS5_JEEEJEEENS_14default_deleteIS8_EEEENS_9allocatorISB_EEE20__throw_length_errorB8ne190107Ev
Analyzing function: _ZNKSt3__16vectorINS_10unique_ptrIN4llvm6detail11PassConceptINS2_8FunctionENS2_15AnalysisManagerIS5_JEEEJEEENS_14default_deleteIS8_EEEENS_9allocatorISB_EEE8capacityB8ne190107Ev
Analyzing function: _ZNSt3__13maxB8ne190107ImEERKT_S3_S3_
Analyzing function: _ZNSt3__13minB8ne190107ImEERKT_S3_S3_
Analyzing function: _ZNSt3__116allocator_traitsINS_9allocatorINS_10unique_ptrIN4llvm6detail11PassConceptINS3_8FunctionENS3_15AnalysisManagerIS6_JEEEJEEENS_14default_deleteIS9_EEEEEEE8max_sizeB8ne190107ISD_TnNS_9enable_ifIXsr14__has_max_sizeIKT_EE5valueEiE4typeELi0EEEmRKSD_
Analyzing function: _ZNKSt3__16vectorINS_10unique_ptrIN4llvm6detail11PassConceptINS2_8FunctionENS2_15AnalysisManagerIS5_JEEEJEEENS_14default_deleteIS8_EEEENS_9allocatorISB_EEE7__allocB8ne190107Ev
Analyzing function: _ZNSt3__114numeric_limitsIlE3maxB8ne190107Ev
Analyzing function: _ZNSt3__13minB8ne190107ImNS_6__lessIvvEEEERKT_S5_S5_T0_
Analyzing function: _ZNKSt3__16__lessIvvEclB8ne190107ImmEEbRKT_RKT0_
Analyzing function: _ZNKSt3__19allocatorINS_10unique_ptrIN4llvm6detail11PassConceptINS2_8FunctionENS2_15AnalysisManagerIS5_JEEEJEEENS_14default_deleteIS8_EEEEE8max_sizeB8ne190107Ev
Analyzing function: _ZNKSt3__117__compressed_pairIPNS_10unique_ptrIN4llvm6detail11PassConceptINS2_8FunctionENS2_15AnalysisManagerIS5_JEEEJEEENS_14default_deleteIS8_EEEENS_9allocatorISB_EEE6secondB8ne190107Ev
Analyzing function: _ZNKSt3__122__compressed_pair_elemINS_9allocatorINS_10unique_ptrIN4llvm6detail11PassConceptINS3_8FunctionENS3_15AnalysisManagerIS6_JEEEJEEENS_14default_deleteIS9_EEEEEELi1ELb1EE5__getB8ne190107Ev
Analyzing function: _ZNSt3__123__libcpp_numeric_limitsIlLb1EE3maxB8ne190107Ev
Analyzing function: _ZNSt3__120__throw_length_errorB8ne190107EPKc
Analyzing function: _ZNSt12length_errorC1B8ne190107EPKc
Analyzing function: _ZNSt12length_errorC2B8ne190107EPKc
Analyzing function: _ZNKSt3__16vectorINS_10unique_ptrIN4llvm6detail11PassConceptINS2_8FunctionENS2_15AnalysisManagerIS5_JEEEJEEENS_14default_deleteIS8_EEEENS_9allocatorISB_EEE9__end_capB8ne190107Ev
Analyzing function: _ZNKSt3__117__compressed_pairIPNS_10unique_ptrIN4llvm6detail11PassConceptINS2_8FunctionENS2_15AnalysisManagerIS5_JEEEJEEENS_14default_deleteIS8_EEEENS_9allocatorISB_EEE5firstB8ne190107Ev
Analyzing function: _ZNKSt3__122__compressed_pair_elemIPNS_10unique_ptrIN4llvm6detail11PassConceptINS2_8FunctionENS2_15AnalysisManagerIS5_JEEEJEEENS_14default_deleteIS8_EEEELi0ELb0EE5__getB8ne190107Ev
Analyzing function: _ZNSt3__13maxB8ne190107ImNS_6__lessIvvEEEERKT_S5_S5_T0_
Analyzing function: _ZNSt3__114__split_bufferINS_10unique_ptrIN4llvm6detail11PassConceptINS2_8FunctionENS2_15AnalysisManagerIS5_JEEEJEEENS_14default_deleteIS8_EEEERNS_9allocatorISB_EEEC2EmmSE_
Analyzing function: _ZNSt3__117__compressed_pairIPNS_10unique_ptrIN4llvm6detail11PassConceptINS2_8FunctionENS2_15AnalysisManagerIS5_JEEEJEEENS_14default_deleteIS8_EEEERNS_9allocatorISB_EEEC1B8ne190107IDnSF_EEOT_OT0_
Analyzing function: _ZNSt3__119__allocate_at_leastB8ne190107INS_9allocatorINS_10unique_ptrIN4llvm6detail11PassConceptINS3_8FunctionENS3_15AnalysisManagerIS6_JEEEJEEENS_14default_deleteIS9_EEEEEEEENS_19__allocation_resultINS_16allocator_traitsIT_E7pointerEEERSG_m
Analyzing function: _ZNSt3__114__split_bufferINS_10unique_ptrIN4llvm6detail11PassConceptINS2_8FunctionENS2_15AnalysisManagerIS5_JEEEJEEENS_14default_deleteIS8_EEEERNS_9allocatorISB_EEE7__allocB8ne190107Ev
Analyzing function: _ZNSt3__114__split_bufferINS_10unique_ptrIN4llvm6detail11PassConceptINS2_8FunctionENS2_15AnalysisManagerIS5_JEEEJEEENS_14default_deleteIS8_EEEERNS_9allocatorISB_EEE9__end_capB8ne190107Ev
Analyzing function: _ZNSt3__117__compressed_pairIPNS_10unique_ptrIN4llvm6detail11PassConceptINS2_8FunctionENS2_15AnalysisManagerIS5_JEEEJEEENS_14default_deleteIS8_EEEERNS_9allocatorISB_EEEC2B8ne190107IDnSF_EEOT_OT0_
Analyzing function: _ZNSt3__122__compressed_pair_elemIPNS_10unique_ptrIN4llvm6detail11PassConceptINS2_8FunctionENS2_15AnalysisManagerIS5_JEEEJEEENS_14default_deleteIS8_EEEELi0ELb0EEC2B8ne190107IDnTnNS_9enable_ifIXntsr7is_sameISD_u7__decayIT_EEE5valueEiE4typeELi0EEEOSG_
Analyzing function: _ZNSt3__122__compressed_pair_elemIRNS_9allocatorINS_10unique_ptrIN4llvm6detail11PassConceptINS3_8FunctionENS3_15AnalysisManagerIS6_JEEEJEEENS_14default_deleteIS9_EEEEEELi1ELb0EEC2B8ne190107ISE_TnNS_9enable_ifIXntsr7is_sameISF_u7__decayIT_EEE5valueEiE4typeELi0EEEOSI_
Analyzing function: _ZNSt3__19allocatorINS_10unique_ptrIN4llvm6detail11PassConceptINS2_8FunctionENS2_15AnalysisManagerIS5_JEEEJEEENS_14default_deleteIS8_EEEEE8allocateB8ne190107Em
Analyzing function: _ZNSt3__117__compressed_pairIPNS_10unique_ptrIN4llvm6detail11PassConceptINS2_8FunctionENS2_15AnalysisManagerIS5_JEEEJEEENS_14default_deleteIS8_EEEERNS_9allocatorISB_EEE6secondB8ne190107Ev
Analyzing function: _ZNSt3__122__compressed_pair_elemIRNS_9allocatorINS_10unique_ptrIN4llvm6detail11PassConceptINS3_8FunctionENS3_15AnalysisManagerIS6_JEEEJEEENS_14default_deleteIS9_EEEEEELi1ELb0EE5__getB8ne190107Ev
Analyzing function: _ZNSt3__117__compressed_pairIPNS_10unique_ptrIN4llvm6detail11PassConceptINS2_8FunctionENS2_15AnalysisManagerIS5_JEEEJEEENS_14default_deleteIS8_EEEERNS_9allocatorISB_EEE5firstB8ne190107Ev
Analyzing function: _ZNKSt3__16vectorINS_10unique_ptrIN4llvm6detail11PassConceptINS2_8FunctionENS2_15AnalysisManagerIS5_JEEEJEEENS_14default_deleteIS8_EEEENS_9allocatorISB_EEE17__annotate_deleteB8ne190107Ev
Analyzing function: _ZNSt3__134__uninitialized_allocator_relocateB8ne190107INS_9allocatorINS_10unique_ptrIN4llvm6detail11PassConceptINS3_8FunctionENS3_15AnalysisManagerIS6_JEEEJEEENS_14default_deleteIS9_EEEEEESC_EEvRT_PT0_SH_SH_
Analyzing function: _ZNSt3__14swapB8ne190107IPNS_10unique_ptrIN4llvm6detail11PassConceptINS2_8FunctionENS2_15AnalysisManagerIS5_JEEEJEEENS_14default_deleteIS8_EEEEEENS_9enable_ifIXaasr21is_move_constructibleIT_EE5valuesr18is_move_assignableISE_EE5valueEvE4typeERSE_SH_
Analyzing function: _ZNKSt3__16vectorINS_10unique_ptrIN4llvm6detail11PassConceptINS2_8FunctionENS2_15AnalysisManagerIS5_JEEEJEEENS_14default_deleteIS8_EEEENS_9allocatorISB_EEE14__annotate_newB8ne190107Em
Analyzing function: _ZNSt3__114__split_bufferINS_10unique_ptrIN4llvm6detail11PassConceptINS2_8FunctionENS2_15AnalysisManagerIS5_JEEEJEEENS_14default_deleteIS8_EEEERNS_9allocatorISB_EEED2Ev
Analyzing function: _ZNSt3__114__split_bufferINS_10unique_ptrIN4llvm6detail11PassConceptINS2_8FunctionENS2_15AnalysisManagerIS5_JEEEJEEENS_14default_deleteIS8_EEEERNS_9allocatorISB_EEE5clearB8ne190107Ev
Analyzing function: _ZNSt3__116allocator_traitsINS_9allocatorINS_10unique_ptrIN4llvm6detail11PassConceptINS3_8FunctionENS3_15AnalysisManagerIS6_JEEEJEEENS_14default_deleteIS9_EEEEEEE10deallocateB8ne190107ERSD_PSC_m
Analyzing function: _ZNKSt3__114__split_bufferINS_10unique_ptrIN4llvm6detail11PassConceptINS2_8FunctionENS2_15AnalysisManagerIS5_JEEEJEEENS_14default_deleteIS8_EEEERNS_9allocatorISB_EEE8capacityB8ne190107Ev
Analyzing function: _ZNSt3__114__split_bufferINS_10unique_ptrIN4llvm6detail11PassConceptINS2_8FunctionENS2_15AnalysisManagerIS5_JEEEJEEENS_14default_deleteIS8_EEEERNS_9allocatorISB_EEE17__destruct_at_endB8ne190107EPSB_
Analyzing function: _ZNSt3__114__split_bufferINS_10unique_ptrIN4llvm6detail11PassConceptINS2_8FunctionENS2_15AnalysisManagerIS5_JEEEJEEENS_14default_deleteIS8_EEEERNS_9allocatorISB_EEE17__destruct_at_endB8ne190107EPSB_NS_17integral_constantIbLb0EEE
Analyzing function: _ZNSt3__116allocator_traitsINS_9allocatorINS_10unique_ptrIN4llvm6detail11PassConceptINS3_8FunctionENS3_15AnalysisManagerIS6_JEEEJEEENS_14default_deleteIS9_EEEEEEE7destroyB8ne190107ISC_TnNS_9enable_ifIXsr13__has_destroyISD_PT_EE5valueEiE4typeELi0EEEvRSD_SI_
Analyzing function: _ZNSt3__19allocatorINS_10unique_ptrIN4llvm6detail11PassConceptINS2_8FunctionENS2_15AnalysisManagerIS5_JEEEJEEENS_14default_deleteIS8_EEEEE7destroyB8ne190107EPSB_
Analyzing function: _ZNSt3__19allocatorINS_10unique_ptrIN4llvm6detail11PassConceptINS2_8FunctionENS2_15AnalysisManagerIS5_JEEEJEEENS_14default_deleteIS8_EEEEE10deallocateB8ne190107EPSB_m
Analyzing function: _ZNKSt3__114__split_bufferINS_10unique_ptrIN4llvm6detail11PassConceptINS2_8FunctionENS2_15AnalysisManagerIS5_JEEEJEEENS_14default_deleteIS8_EEEERNS_9allocatorISB_EEE9__end_capB8ne190107Ev
Analyzing function: _ZNKSt3__117__compressed_pairIPNS_10unique_ptrIN4llvm6detail11PassConceptINS2_8FunctionENS2_15AnalysisManagerIS5_JEEEJEEENS_14default_deleteIS8_EEEERNS_9allocatorISB_EEE5firstB8ne190107Ev
Analyzing function: _ZN4llvm6detail9PassModelINS_8FunctionENS_16LoopSimplifyPassENS_15AnalysisManagerIS2_JEEEJEEC2ES3_
Analyzing function: _ZN4llvm6detail11PassConceptINS_8FunctionENS_15AnalysisManagerIS2_JEEEJEEC2Ev
Analyzing function: _ZN4llvm6detail9PassModelINS_8FunctionENS_16LoopSimplifyPassENS_15AnalysisManagerIS2_JEEEJEED1Ev
Analyzing function: _ZN4llvm6detail9PassModelINS_8FunctionENS_16LoopSimplifyPassENS_15AnalysisManagerIS2_JEEEJEED0Ev
Analyzing function: _ZN4llvm6detail9PassModelINS_8FunctionENS_16LoopSimplifyPassENS_15AnalysisManagerIS2_JEEEJEE3runERS2_RS5_
Analyzing function: _ZN4llvm6detail9PassModelINS_8FunctionENS_16LoopSimplifyPassENS_15AnalysisManagerIS2_JEEEJEE13printPipelineERNS_11raw_ostreamENS_12function_refIFNS_9StringRefESA_EEE
Analyzing function: _ZNK4llvm6detail9PassModelINS_8FunctionENS_16LoopSimplifyPassENS_15AnalysisManagerIS2_JEEEJEE4nameEv
Analyzing function: _ZNK4llvm6detail9PassModelINS_8FunctionENS_16LoopSimplifyPassENS_15AnalysisManagerIS2_JEEEJEE10isRequiredEv
Analyzing function: _ZN4llvm6detail11PassConceptINS_8FunctionENS_15AnalysisManagerIS2_JEEEJEED1Ev
Analyzing function: _ZN4llvm6detail11PassConceptINS_8FunctionENS_15AnalysisManagerIS2_JEEEJEED0Ev
Analyzing function: _ZN4llvm6detail9PassModelINS_8FunctionENS_16LoopSimplifyPassENS_15AnalysisManagerIS2_JEEEJEED2Ev
Analyzing function: _ZN4llvm6detail11PassConceptINS_8FunctionENS_15AnalysisManagerIS2_JEEEJEED2Ev
Analyzing function: _ZN4llvm13PassInfoMixinINS_16LoopSimplifyPassEE13printPipelineERNS_11raw_ostreamENS_12function_refIFNS_9StringRefES6_EEE
Analyzing function: _ZN4llvm13PassInfoMixinINS_16LoopSimplifyPassEE4nameEv
Analyzing function: _ZNK4llvm12function_refIFNS_9StringRefES1_EEclES1_
Analyzing function: _ZN4llvm11raw_ostreamlsENS_9StringRefE
Analyzing function: _ZN4llvm11getTypeNameINS_16LoopSimplifyPassEEENS_9StringRefEv
Analyzing function: _ZN4llvm9StringRef13consume_frontES0_
Analyzing function: _ZNK4llvm9StringRef6substrEmm
Analyzing function: _ZNK4llvm9StringRef10drop_frontEm
Analyzing function: _ZNK4llvm9StringRef9ends_withES0_
Analyzing function: _ZNK4llvm9StringRef9drop_backEm
Analyzing function: _ZN4llvm9StringRefC1EPKcm
Analyzing function: _ZN4llvm9StringRefC2EPKcm
Analyzing function: _ZN4llvm9StringRef13compareMemoryEPKcS2_m
Analyzing function: _ZNK4llvm9StringRef3endEv
Analyzing function: _ZNK4llvm9StringRef11starts_withES0_
Analyzing function: _ZN4llvm6detail9PassModelINS_8FunctionENS_16LoopSimplifyPassENS_15AnalysisManagerIS2_JEEEJEE18passIsRequiredImplIS3_EENSt3__19enable_ifIXntsr11is_detectedINS6_14has_required_tET_EE5valueEbE4typeEv
Analyzing function: _ZNSt3__110unique_ptrIN4llvm6detail11PassConceptINS1_8FunctionENS1_15AnalysisManagerIS4_JEEEJEEENS_14default_deleteIS7_EEEC2B8ne190107ILb1EvEEPS7_
Analyzing function: _ZNSt3__117__compressed_pairIPN4llvm6detail11PassConceptINS1_8FunctionENS1_15AnalysisManagerIS4_JEEEJEEENS_14default_deleteIS7_EEEC1B8ne190107IRS8_NS_16__value_init_tagEEEOT_OT0_
Analyzing function: _ZNSt3__117__compressed_pairIPN4llvm6detail11PassConceptINS1_8FunctionENS1_15AnalysisManagerIS4_JEEEJEEENS_14default_deleteIS7_EEEC2B8ne190107IRS8_NS_16__value_init_tagEEEOT_OT0_
Analyzing function: _ZNSt3__122__compressed_pair_elemIPN4llvm6detail11PassConceptINS1_8FunctionENS1_15AnalysisManagerIS4_JEEEJEEELi0ELb0EEC2B8ne190107IRS8_TnNS_9enable_ifIXntsr7is_sameIS9_u7__decayIT_EEE5valueEiE4typeELi0EEEOSD_
Analyzing function: _ZNSt3__122__compressed_pair_elemINS_14default_deleteIN4llvm6detail11PassConceptINS2_8FunctionENS2_15AnalysisManagerIS5_JEEEJEEEEELi1ELb1EEC2B8ne190107ENS_16__value_init_tagE
Analyzing function: _ZNSt3__110unique_ptrIN4llvm6detail11PassConceptINS1_8FunctionENS1_15AnalysisManagerIS4_JEEEJEEENS_14default_deleteIS7_EEED2B8ne190107Ev
Analyzing function: _ZNSt3__110unique_ptrIN4llvm6detail11PassConceptINS1_8FunctionENS1_15AnalysisManagerIS4_JEEEJEEENS_14default_deleteIS7_EEE5resetB8ne190107EPS7_
Analyzing function: _ZNKSt3__114default_deleteIN4llvm6detail11PassConceptINS1_8FunctionENS1_15AnalysisManagerIS4_JEEEJEEEEclB8ne190107EPS7_
Analyzing function: _ZN4llvm6detail9PassModelINS_8FunctionEN12_GLOBAL__N_18LoopPassENS_15AnalysisManagerIS2_JEEEJEEC1ES4_
Analyzing function: _ZN4llvm6detail9PassModelINS_8FunctionEN12_GLOBAL__N_18LoopPassENS_15AnalysisManagerIS2_JEEEJEEC2ES4_
Analyzing function: _ZN4llvm6detail9PassModelINS_8FunctionEN12_GLOBAL__N_18LoopPassENS_15AnalysisManagerIS2_JEEEJEED1Ev
Analyzing function: _ZN4llvm6detail9PassModelINS_8FunctionEN12_GLOBAL__N_18LoopPassENS_15AnalysisManagerIS2_JEEEJEED0Ev
Analyzing function: _ZN4llvm6detail9PassModelINS_8FunctionEN12_GLOBAL__N_18LoopPassENS_15AnalysisManagerIS2_JEEEJEE3runERS2_RS6_
Analyzing function: _ZN4llvm6detail9PassModelINS_8FunctionEN12_GLOBAL__N_18LoopPassENS_15AnalysisManagerIS2_JEEEJEE13printPipelineERNS_11raw_ostreamENS_12function_refIFNS_9StringRefESB_EEE
Analyzing function: _ZNK4llvm6detail9PassModelINS_8FunctionEN12_GLOBAL__N_18LoopPassENS_15AnalysisManagerIS2_JEEEJEE4nameEv
Analyzing function: _ZNK4llvm6detail9PassModelINS_8FunctionEN12_GLOBAL__N_18LoopPassENS_15AnalysisManagerIS2_JEEEJEE10isRequiredEv
Analyzing function: _ZN4llvm6detail9PassModelINS_8FunctionEN12_GLOBAL__N_18LoopPassENS_15AnalysisManagerIS2_JEEEJEED2Ev
Analyzing function: _ZN12_GLOBAL__N_18LoopPass3runERN4llvm8FunctionERNS1_15AnalysisManagerIS2_JEEE
Analyzing function: _ZN4llvm11raw_ostreamlsEPKc
Analyzing function: _ZN4llvm15AnalysisManagerINS_8FunctionEJEE9getResultINS_12LoopAnalysisEEERNT_6ResultERS1_
Analyzing function: _ZN4llvm17PreservedAnalyses3allEv
Analyzing function: _ZNK4llvm12DenseMapBaseINS_8DenseMapIPNS_11AnalysisKeyENSt3__110unique_ptrINS_6detail19AnalysisPassConceptINS_8FunctionENS_15AnalysisManagerIS8_JEE11InvalidatorEJEEENS4_14default_deleteISC_EEEENS_12DenseMapInfoIS3_vEENS6_12DenseMapPairIS3_SF_EEEES3_SF_SH_SJ_E5countEPKS2_
Analyzing function: _ZN4llvm17AnalysisInfoMixinINS_12LoopAnalysisEE2IDEv
Analyzing function: _ZNK4llvm12DenseMapBaseINS_8DenseMapIPNS_11AnalysisKeyENSt3__110unique_ptrINS_6detail19AnalysisPassConceptINS_8FunctionENS_15AnalysisManagerIS8_JEE11InvalidatorEJEEENS4_14default_deleteISC_EEEENS_12DenseMapInfoIS3_vEENS6_12DenseMapPairIS3_SF_EEEES3_SF_SH_SJ_E8containsEPKS2_
Analyzing function: _ZNK4llvm12DenseMapBaseINS_8DenseMapIPNS_11AnalysisKeyENSt3__110unique_ptrINS_6detail19AnalysisPassConceptINS_8FunctionENS_15AnalysisManagerIS8_JEE11InvalidatorEJEEENS4_14default_deleteISC_EEEENS_12DenseMapInfoIS3_vEENS6_12DenseMapPairIS3_SF_EEEES3_SF_SH_SJ_E15LookupBucketForIPKS2_EEbRKT_RPKSJ_
Analyzing function: _ZNK4llvm12DenseMapBaseINS_8DenseMapIPNS_11AnalysisKeyENSt3__110unique_ptrINS_6detail19AnalysisPassConceptINS_8FunctionENS_15AnalysisManagerIS8_JEE11InvalidatorEJEEENS4_14default_deleteISC_EEEENS_12DenseMapInfoIS3_vEENS6_12DenseMapPairIS3_SF_EEEES3_SF_SH_SJ_E10getBucketsEv
Analyzing function: _ZNK4llvm12DenseMapBaseINS_8DenseMapIPNS_11AnalysisKeyENSt3__110unique_ptrINS_6detail19AnalysisPassConceptINS_8FunctionENS_15AnalysisManagerIS8_JEE11InvalidatorEJEEENS4_14default_deleteISC_EEEENS_12DenseMapInfoIS3_vEENS6_12DenseMapPairIS3_SF_EEEES3_SF_SH_SJ_E13getNumBucketsEv
Analyzing function: _ZN4llvm12DenseMapBaseINS_8DenseMapIPNS_11AnalysisKeyENSt3__110unique_ptrINS_6detail19AnalysisPassConceptINS_8FunctionENS_15AnalysisManagerIS8_JEE11InvalidatorEJEEENS4_14default_deleteISC_EEEENS_12DenseMapInfoIS3_vEENS6_12DenseMapPairIS3_SF_EEEES3_SF_SH_SJ_E11getEmptyKeyEv
Analyzing function: _ZN4llvm12DenseMapBaseINS_8DenseMapIPNS_11AnalysisKeyENSt3__110unique_ptrINS_6detail19AnalysisPassConceptINS_8FunctionENS_15AnalysisManagerIS8_JEE11InvalidatorEJEEENS4_14default_deleteISC_EEEENS_12DenseMapInfoIS3_vEENS6_12DenseMapPairIS3_SF_EEEES3_SF_SH_SJ_E15getTombstoneKeyEv
Analyzing function: _ZN4llvm12DenseMapInfoIPNS_11AnalysisKeyEvE7isEqualEPKS1_S5_
Analyzing function: _ZN4llvm12DenseMapBaseINS_8DenseMapIPNS_11AnalysisKeyENSt3__110unique_ptrINS_6detail19AnalysisPassConceptINS_8FunctionENS_15AnalysisManagerIS8_JEE11InvalidatorEJEEENS4_14default_deleteISC_EEEENS_12DenseMapInfoIS3_vEENS6_12DenseMapPairIS3_SF_EEEES3_SF_SH_SJ_E12getHashValueIPKS2_EEjRKT_
Analyzing function: _ZNK4llvm6detail12DenseMapPairIPNS_11AnalysisKeyENSt3__110unique_ptrINS0_19AnalysisPassConceptINS_8FunctionENS_15AnalysisManagerIS7_JEE11InvalidatorEJEEENS4_14default_deleteISB_EEEEE8getFirstEv
Analyzing function: _ZNK4llvm8DenseMapIPNS_11AnalysisKeyENSt3__110unique_ptrINS_6detail19AnalysisPassConceptINS_8FunctionENS_15AnalysisManagerIS7_JEE11InvalidatorEJEEENS3_14default_deleteISB_EEEENS_12DenseMapInfoIS2_vEENS5_12DenseMapPairIS2_SE_EEE10getBucketsEv
Analyzing function: _ZNK4llvm8DenseMapIPNS_11AnalysisKeyENSt3__110unique_ptrINS_6detail19AnalysisPassConceptINS_8FunctionENS_15AnalysisManagerIS7_JEE11InvalidatorEJEEENS3_14default_deleteISB_EEEENS_12DenseMapInfoIS2_vEENS5_12DenseMapPairIS2_SE_EEE13getNumBucketsEv
Analyzing function: _ZN4llvm12DenseMapInfoIPNS_11AnalysisKeyEvE11getEmptyKeyEv
Analyzing function: _ZN4llvm12DenseMapInfoIPNS_11AnalysisKeyEvE15getTombstoneKeyEv
Analyzing function: _ZN4llvm12DenseMapInfoIPNS_11AnalysisKeyEvE12getHashValueEPKS1_
Analyzing function: _ZN4llvm17PreservedAnalysesC1Ev
Analyzing function: _ZN4llvm15SmallPtrSetImplIPvE6insertES1_
Analyzing function: _ZN4llvm17PreservedAnalysesD1Ev
Analyzing function: _ZN4llvm17PreservedAnalysesC2Ev
Analyzing function: _ZN4llvm11SmallPtrSetIPvLj2EEC1Ev
Analyzing function: _ZN4llvm11SmallPtrSetIPNS_11AnalysisKeyELj2EEC1Ev
Analyzing function: _ZN4llvm11SmallPtrSetIPvLj2EED1Ev
Analyzing function: _ZN4llvm11SmallPtrSetIPvLj2EEC2Ev
Analyzing function: _ZN4llvm15SmallPtrSetImplIPvECI2NS_19SmallPtrSetImplBaseEEPPKvj
Analyzing function: _ZN4llvm19SmallPtrSetImplBaseC2EPPKvj
Analyzing function: _ZN4llvm11SmallPtrSetIPNS_11AnalysisKeyELj2EEC2Ev
Analyzing function: _ZN4llvm15SmallPtrSetImplIPNS_11AnalysisKeyEECI2NS_19SmallPtrSetImplBaseEEPPKvj
Analyzing function: _ZN4llvm11SmallPtrSetIPvLj2EED2Ev
Analyzing function: _ZN4llvm15SmallPtrSetImplIPvED2Ev
Analyzing function: _ZN4llvm19SmallPtrSetImplBaseD2Ev
Analyzing function: _ZNK4llvm19SmallPtrSetImplBase7isSmallEv
Analyzing function: _ZN4llvm19SmallPtrSetImplBase10insert_impEPKv
Analyzing function: _ZN4llvm21PointerLikeTypeTraitsIPvE16getAsVoidPointerES1_
Analyzing function: _ZNSt3__19make_pairB8ne190107IN4llvm19SmallPtrSetIteratorIPvEERbEENS_4pairINS_18__unwrap_ref_decayIT_E4typeENS7_IT0_E4typeEEEOS8_OSB_
Analyzing function: _ZNK4llvm15SmallPtrSetImplIPvE12makeIteratorEPKPKv
Analyzing function: _ZNSt3__19make_pairB8ne190107IRPPKvbEENS_4pairINS_18__unwrap_ref_decayIT_E4typeENS6_IT0_E4typeEEEOS7_OSA_
Analyzing function: _ZNSt3__14pairIPKPKvbEC1B8ne190107IPS2_bTnNS_9enable_ifIXclsr10_CheckArgsE23__is_pair_constructibleIT_T0_EEEiE4typeELi0EEEONS0_IS9_SA_EE
Analyzing function: _ZN4llvm14DebugEpochBase14incrementEpochEv
Analyzing function: _ZNSt3__19make_pairB8ne190107IPPKvbEENS_4pairINS_18__unwrap_ref_decayIT_E4typeENS5_IT0_E4typeEEEOS6_OS9_
Analyzing function: _ZNSt3__14pairIPPKvbEC1B8ne190107IRS3_bTnNS_9enable_ifIXclsr10_CheckArgsE23__is_pair_constructibleIT_T0_EEEiE4typeELi0EEEOS8_OS9_
Analyzing function: _ZNSt3__14pairIPPKvbEC2B8ne190107IRS3_bTnNS_9enable_ifIXclsr10_CheckArgsE23__is_pair_constructibleIT_T0_EEEiE4typeELi0EEEOS8_OS9_
Analyzing function: _ZNSt3__14pairIPKPKvbEC2B8ne190107IPS2_bTnNS_9enable_ifIXclsr10_CheckArgsE23__is_pair_constructibleIT_T0_EEEiE4typeELi0EEEONS0_IS9_SA_EE
Analyzing function: _ZNSt3__14pairIPPKvbEC1B8ne190107IS3_bTnNS_9enable_ifIXclsr10_CheckArgsE23__is_pair_constructibleIT_T0_EEEiE4typeELi0EEEOS7_OS8_
Analyzing function: _ZNSt3__14pairIPPKvbEC2B8ne190107IS3_bTnNS_9enable_ifIXclsr10_CheckArgsE23__is_pair_constructibleIT_T0_EEEiE4typeELi0EEEOS7_OS8_
Analyzing function: _ZNSt3__14pairIN4llvm19SmallPtrSetIteratorIPvEEbEC1B8ne190107IS4_RbTnNS_9enable_ifIXclsr10_CheckArgsE23__is_pair_constructibleIT_T0_EEEiE4typeELi0EEEOS9_OSA_
Analyzing function: _ZNSt3__14pairIN4llvm19SmallPtrSetIteratorIPvEEbEC2B8ne190107IS4_RbTnNS_9enable_ifIXclsr10_CheckArgsE23__is_pair_constructibleIT_T0_EEEiE4typeELi0EEEOS9_OSA_
Analyzing function: _ZN4llvm20shouldReverseIterateIPvEEbv
Analyzing function: _ZNK4llvm19SmallPtrSetImplBase10EndPointerEv
Analyzing function: _ZN4llvm19SmallPtrSetIteratorIPvEC1EPKPKvS6_RKNS_14DebugEpochBaseE
Analyzing function: _ZN4llvm19SmallPtrSetIteratorIPvEC2EPKPKvS6_RKNS_14DebugEpochBaseE
Analyzing function: _ZN4llvm23SmallPtrSetIteratorImplC2EPKPKvS4_
Analyzing function: _ZN4llvm14DebugEpochBase10HandleBaseC2EPKS0_
Analyzing function: _ZN4llvm23SmallPtrSetIteratorImpl17RetreatIfNotValidEv
Analyzing function: _ZN4llvm23SmallPtrSetIteratorImpl17AdvanceIfNotValidEv
Analyzing function: _ZN4llvm19SmallPtrSetImplBase14getEmptyMarkerEv
Analyzing function: _ZN4llvm19SmallPtrSetImplBase18getTombstoneMarkerEv
Analyzing function: _ZN4llvm17PreservedAnalysesD2Ev
Analyzing function: _ZN4llvm11SmallPtrSetIPNS_11AnalysisKeyELj2EED1Ev
Analyzing function: _ZN4llvm11SmallPtrSetIPNS_11AnalysisKeyELj2EED2Ev
Analyzing function: _ZN4llvm15SmallPtrSetImplIPNS_11AnalysisKeyEED2Ev
Analyzing function: _ZN4llvm13PassInfoMixinIN12_GLOBAL__N_18LoopPassEE13printPipelineERNS_11raw_ostreamENS_12function_refIFNS_9StringRefES7_EEE
Analyzing function: _ZN4llvm13PassInfoMixinIN12_GLOBAL__N_18LoopPassEE4nameEv
Analyzing function: _ZN4llvm11getTypeNameIN12_GLOBAL__N_18LoopPassEEENS_9StringRefEv
Analyzing function: _ZN4llvm6detail9PassModelINS_8FunctionEN12_GLOBAL__N_18LoopPassENS_15AnalysisManagerIS2_JEEEJEE18passIsRequiredImplIS4_EENSt3__19enable_ifIXsr11is_detectedINS7_14has_required_tET_EE5valueEbE4typeEv
Analyzing function: _ZN12_GLOBAL__N_18LoopPass10isRequiredEv
Analyzing function: _ZNSt3__122__compressed_pair_elemIZZ23getHelloWorldPluginInfovENK3$_0clERN4llvm11PassBuilderEEUlNS2_9StringRefERNS2_11PassManagerINS2_8FunctionENS2_15AnalysisManagerIS7_JEEEJEEENS2_8ArrayRefINS3_15PipelineElementEEEE_Li0ELb1EE5__getB8ne190107Ev
Analyzing function: _ZNKSt9type_infoeqB8ne190107ERKS_
Analyzing function: _ZNSt3__18functionIFbN4llvm9StringRefERNS1_11PassManagerINS1_8FunctionENS1_15AnalysisManagerIS4_JEEEJEEENS1_8ArrayRefINS1_11PassBuilder15PipelineElementEEEEED2Ev
Analyzing function: _ZNSt3__110__function12__value_funcIFbN4llvm9StringRefERNS2_11PassManagerINS2_8FunctionENS2_15AnalysisManagerIS5_JEEEJEEENS2_8ArrayRefINS2_11PassBuilder15PipelineElementEEEEED1B8ne190107Ev
Analyzing function: _ZNSt3__110__function12__value_funcIFbN4llvm9StringRefERNS2_11PassManagerINS2_8FunctionENS2_15AnalysisManagerIS5_JEEEJEEENS2_8ArrayRefINS2_11PassBuilder15PipelineElementEEEEED2B8ne190107Ev
