; Function Attrs: mustprogress noinline nounwind optnone uwtable
define dso_local noundef i32 @_Z8multiplyii(i32 noundef %0, i32 noundef %1) #0 !dbg !789 {
  %3 = alloca i32, align 4
  %4 = alloca i32, align 4
  store i32 %0, ptr %3, align 4
    #dbg_declare(ptr %3, !793, !DIExpression(), !794)
  store i32 %1, ptr %4, align 4
    #dbg_declare(ptr %4, !795, !DIExpression(), !796)
  %5 = load i32, ptr %3, align 4, !dbg !797
  %6 = load i32, ptr %4, align 4, !dbg !798
  %7 = mul nsw i32 %5, %6, !dbg !799
  ret i32 %7, !dbg !800
}
Candidate Instruction:   %10 = load i32, ptr %4, align 4, !dbg !799
Candidate Instruction:   %11 = load i32, ptr %2, align 4, !dbg !801
Candidate Instruction:   %12 = icmp slt i32 %10, %11, !dbg !802
Candidate Instruction:   br i1 %12, label %13, label %37, !dbg !803
Candidate Instruction:   store i32 1, ptr %5, align 4, !dbg !806
Candidate Instruction:   %14 = load i32, ptr %3, align 4, !dbg !809
Candidate Instruction:   %15 = mul nsw i32 %14, 2, !dbg !810
isLoopInvariant cond1 pass:   %15 = mul nsw i32 %14, 2, !dbg !810
Candidate Instruction:   store i32 %15, ptr %6, align 4, !dbg !808
Candidate Instruction:   store i32 0, ptr %7, align 4, !dbg !813
Candidate Instruction:   br label %16, !dbg !814
Candidate Instruction:   br label %34, !dbg !838
Candidate Instruction:   %35 = load i32, ptr %4, align 4, !dbg !839
Candidate Instruction:   %36 = add nsw i32 %35, 1, !dbg !839
isLoopInvariant cond1 pass:   %36 = add nsw i32 %35, 1, !dbg !839
Candidate Instruction:   store i32 %36, ptr %4, align 4, !dbg !839
Candidate Instruction:   br label %9, !dbg !840, !llvm.loop !841
; Function Attrs: mustprogress noinline nounwind optnone uwtable
define dso_local void @_Z13complex_loopsi(i32 noundef %0) #0 !dbg !789 {
  %2 = alloca i32, align 4
  %3 = alloca i32, align 4
  %4 = alloca i32, align 4
  %5 = alloca i32, align 4
  %6 = alloca i32, align 4
  %7 = alloca i32, align 4
  %8 = alloca i32, align 4
  store i32 %0, ptr %2, align 4
    #dbg_declare(ptr %2, !791, !DIExpression(), !792)
    #dbg_declare(ptr %3, !793, !DIExpression(), !794)
  store i32 10, ptr %3, align 4, !dbg !794
    #dbg_declare(ptr %4, !795, !DIExpression(), !797)
  store i32 0, ptr %4, align 4, !dbg !797
  br label %9, !dbg !798

9:                                                ; preds = %34, %1
  %10 = load i32, ptr %4, align 4, !dbg !799
  %11 = load i32, ptr %2, align 4, !dbg !801
  %12 = icmp slt i32 %10, %11, !dbg !802
  br i1 %12, label %13, label %37, !dbg !803

13:                                               ; preds = %9
    #dbg_declare(ptr %5, !804, !DIExpression(), !806)
  store i32 1, ptr %5, align 4, !dbg !806
    #dbg_declare(ptr %6, !807, !DIExpression(), !808)
  %14 = load i32, ptr %3, align 4, !dbg !809
  %15 = mul nsw i32 %14, 2, !dbg !810
  store i32 %15, ptr %6, align 4, !dbg !808
    #dbg_declare(ptr %7, !811, !DIExpression(), !813)
  store i32 0, ptr %7, align 4, !dbg !813
  br label %16, !dbg !814

16:                                               ; preds = %30, %13
  %17 = load i32, ptr %7, align 4, !dbg !815
  %18 = load i32, ptr %2, align 4, !dbg !817
  %19 = icmp slt i32 %17, %18, !dbg !818
  br i1 %19, label %20, label %33, !dbg !819

20:                                               ; preds = %16
    #dbg_declare(ptr %8, !820, !DIExpression(), !822)
  %21 = load i32, ptr %3, align 4, !dbg !823
  %22 = load i32, ptr %7, align 4, !dbg !824
  %23 = call noundef i32 @_Z8multiplyii(i32 noundef %21, i32 noundef %22), !dbg !825
  store i32 %23, ptr %8, align 4, !dbg !822
  %24 = load i32, ptr %6, align 4, !dbg !826
  %25 = call noundef nonnull align 8 dereferenceable(8) ptr @_ZNSolsEi(ptr noundef nonnull align 8 dereferenceable(8) @_ZSt4cout, i32 noundef %24), !dbg !827
  %26 = call noundef nonnull align 8 dereferenceable(8) ptr @_ZStlsISt11char_traitsIcEERSt13basic_ostreamIcT_ES5_PKc(ptr noundef nonnull align 8 dereferenceable(8) %25, ptr noundef @.str), !dbg !828
  %27 = load i32, ptr %8, align 4, !dbg !829
  %28 = call noundef nonnull align 8 dereferenceable(8) ptr @_ZNSolsEi(ptr noundef nonnull align 8 dereferenceable(8) %26, i32 noundef %27), !dbg !830
  %29 = call noundef nonnull align 8 dereferenceable(8) ptr @_ZNSolsEPFRSoS_E(ptr noundef nonnull align 8 dereferenceable(8) %28, ptr noundef @_ZSt4endlIcSt11char_traitsIcEERSt13basic_ostreamIT_T0_ES6_), !dbg !831
  br label %30, !dbg !832

30:                                               ; preds = %20
  %31 = load i32, ptr %7, align 4, !dbg !833
  %32 = add nsw i32 %31, 1, !dbg !833
  store i32 %32, ptr %7, align 4, !dbg !833
  br label %16, !dbg !834, !llvm.loop !835

33:                                               ; preds = %16
  br label %34, !dbg !838

34:                                               ; preds = %33
  %35 = load i32, ptr %4, align 4, !dbg !839
  %36 = add nsw i32 %35, 1, !dbg !839
  store i32 %36, ptr %4, align 4, !dbg !839
  br label %9, !dbg !840, !llvm.loop !841

37:                                               ; preds = %9
  ret void, !dbg !843
}
; Function Attrs: mustprogress noinline norecurse nounwind optnone uwtable
define dso_local noundef i32 @main() #2 !dbg !789 {
  %1 = alloca i32, align 4
  store i32 0, ptr %1, align 4
  call void @_Z13complex_loopsi(i32 noundef 5), !dbg !790
  ret i32 0, !dbg !791
}
